#
# There is insufficient memory for the Java Runtime Environment to continue.
# Native memory allocation (malloc) failed to allocate 1106416 bytes. Error detail: Chunk::new
# Possible reasons:
#   The system is out of physical RAM or swap space
#   This process is running with CompressedOops enabled, and the Java Heap may be blocking the growth of the native heap
# Possible solutions:
#   Reduce memory load on the system
#   Increase physical memory or swap space
#   Check if swap backing store is full
#   Decrease Java heap size (-Xmx/-Xms)
#   Decrease number of Java threads
#   Decrease Java thread stack sizes (-Xss)
#   Set larger code cache with -XX:ReservedCodeCacheSize=
#   JVM is running with Unscaled Compressed Oops mode in which the Java heap is
#     placed in the first 4GB address space. The Java Heap base address is the
#     maximum limit for the native heap growth. Please use -XX:HeapBaseMinAddress
#     to set the Java Heap base and to place the Java Heap above 4GB virtual address.
# This output file may be truncated or incomplete.
#
#  Out of Memory Error (arena.cpp:168), pid=19436, tid=9504
#
# JRE version: OpenJDK Runtime Environment (21.0.6) (build 21.0.6+-13368085-b895.109)
# Java VM: OpenJDK 64-Bit Server VM (21.0.6+-13368085-b895.109, mixed mode, tiered, compressed oops, compressed class ptrs, g1 gc, windows-amd64)
# No core dump will be written. Minidumps are not enabled by default on client versions of Windows
#

---------------  S U M M A R Y ------------

Command Line: --add-opens=java.base/java.lang=ALL-UNNAMED --add-opens=java.base/java.lang.invoke=ALL-UNNAMED --add-opens=java.base/java.util=ALL-UNNAMED --add-opens=java.prefs/java.util.prefs=ALL-UNNAMED --add-exports=jdk.compiler/com.sun.tools.javac.api=ALL-UNNAMED --add-exports=jdk.compiler/com.sun.tools.javac.util=ALL-UNNAMED --add-opens=java.base/java.util=ALL-UNNAMED --add-opens=java.prefs/java.util.prefs=ALL-UNNAMED --add-opens=java.base/java.nio.charset=ALL-UNNAMED --add-opens=java.base/java.net=ALL-UNNAMED --add-opens=java.base/java.util.concurrent.atomic=ALL-UNNAMED --add-opens=java.xml/javax.xml.namespace=ALL-UNNAMED -Xmx2048m -Dfile.encoding=UTF-8 -Duser.country=US -Duser.language=en -Duser.variant -javaagent:C:\Users\DARLYN\.gradle\wrapper\dists\gradle-8.11.1-bin\bpt9gzteqjrbo1mjrsomdt32c\gradle-8.11.1\lib\agents\gradle-instrumentation-agent-8.11.1.jar org.gradle.launcher.daemon.bootstrap.GradleDaemon 8.11.1

Host: Intel(R) Core(TM) i7-8650U CPU @ 1.90GHz, 8 cores, 7G,  Windows 11 , 64 bit Build 26100 (10.0.26100.4484)
Time: Wed Jul  9 09:36:12 2025 Greenwich Standard Time elapsed time: 7.152037 seconds (0d 0h 0m 7s)

---------------  T H R E A D  ---------------

Current thread (0x000002116b8b7b10):  JavaThread "C2 CompilerThread1" daemon [_thread_in_native, id=9504, stack(0x0000002ddc900000,0x0000002ddca00000) (1024K)]


Current CompileTask:
C2:7152 7489   !   4       java.nio.file.FileTreeWalker::next (144 bytes)

Stack: [0x0000002ddc900000,0x0000002ddca00000]
Native frames: (J=compiled Java code, j=interpreted, Vv=VM code, C=native code)
V  [jvm.dll+0x6d0639]
V  [jvm.dll+0x85eb03]
V  [jvm.dll+0x86105e]
V  [jvm.dll+0x861743]
V  [jvm.dll+0x27e6e6]
V  [jvm.dll+0xbff6d]
V  [jvm.dll+0xc04a3]
V  [jvm.dll+0x3b6171]
V  [jvm.dll+0x3820c7]
V  [jvm.dll+0x38153a]
V  [jvm.dll+0x247c82]
V  [jvm.dll+0x247251]
V  [jvm.dll+0x1c5f04]
V  [jvm.dll+0x2569ac]
V  [jvm.dll+0x254ef6]
V  [jvm.dll+0x3f0e96]
V  [jvm.dll+0x806ed8]
V  [jvm.dll+0x6cef0d]
C  [ucrtbase.dll+0x37b0]
C  [KERNEL32.DLL+0x2e8d7]
C  [ntdll.dll+0x3c34c]


---------------  P R O C E S S  ---------------

Threads class SMR info:
_java_thread_list=0x000002117301ebd0, length=58, elements={
0x000002115375ae60, 0x000002116b8793f0, 0x000002116b87d1d0, 0x000002116b89eba0,
0x000002116b89f200, 0x000002116b8930e0, 0x000002116b8946a0, 0x000002116b8a87d0,
0x000002116b8b9d20, 0x000002116b9d6bf0, 0x000002116bbdce70, 0x00000211719af3b0,
0x000002116b8b7b10, 0x00000211719fdc20, 0x00000211719fb0f0, 0x00000211718a5b70,
0x00000211718a89f0, 0x0000021171afd910, 0x0000021171afc3d0, 0x0000021171d47180,
0x0000021171b6e440, 0x0000021171b6f7f0, 0x0000021171b6ead0, 0x0000021171b6f160,
0x0000021171b70510, 0x000002116b8b66a0, 0x0000021171b6ddb0, 0x0000021171b6fe80,
0x0000021171b70ba0, 0x0000021171b6d720, 0x0000021173cb5b90, 0x0000021173cb68b0,
0x0000021173cb4e70, 0x0000021173cb47e0, 0x0000021173cb6220, 0x0000021173def140,
0x0000021173dedd90, 0x0000021173dee420, 0x0000021173df1f30, 0x0000021173deeab0,
0x0000021173df2c50, 0x0000021173df25c0, 0x0000021173df32e0, 0x0000021173df3970,
0x0000021173df4000, 0x0000021173df4690, 0x0000021173df1210, 0x0000021171eb07c0,
0x0000021171eb14e0, 0x0000021171eb0e50, 0x0000021171eaed80, 0x0000021171eafaa0,
0x0000021171eb1b70, 0x0000021171eae6f0, 0x0000021171eaf410, 0x0000021171eb0130,
0x00000211732c4f00, 0x00000211732c62b0
}

Java Threads: ( => current thread )
  0x000002115375ae60 JavaThread "main"                              [_thread_blocked, id=21332, stack(0x0000002ddb100000,0x0000002ddb200000) (1024K)]
  0x000002116b8793f0 JavaThread "Reference Handler"          daemon [_thread_blocked, id=10004, stack(0x0000002ddb900000,0x0000002ddba00000) (1024K)]
  0x000002116b87d1d0 JavaThread "Finalizer"                  daemon [_thread_blocked, id=10176, stack(0x0000002ddba00000,0x0000002ddbb00000) (1024K)]
  0x000002116b89eba0 JavaThread "Signal Dispatcher"          daemon [_thread_blocked, id=7660, stack(0x0000002ddbb00000,0x0000002ddbc00000) (1024K)]
  0x000002116b89f200 JavaThread "Attach Listener"            daemon [_thread_blocked, id=9568, stack(0x0000002ddbc00000,0x0000002ddbd00000) (1024K)]
  0x000002116b8930e0 JavaThread "Service Thread"             daemon [_thread_blocked, id=18720, stack(0x0000002ddbd00000,0x0000002ddbe00000) (1024K)]
  0x000002116b8946a0 JavaThread "Monitor Deflation Thread"   daemon [_thread_blocked, id=11300, stack(0x0000002ddbe00000,0x0000002ddbf00000) (1024K)]
  0x000002116b8a87d0 JavaThread "C2 CompilerThread0"         daemon [_thread_in_native, id=4148, stack(0x0000002ddbf00000,0x0000002ddc000000) (1024K)]
  0x000002116b8b9d20 JavaThread "C1 CompilerThread0"         daemon [_thread_in_vm, id=14368, stack(0x0000002ddc000000,0x0000002ddc100000) (1024K)]
  0x000002116b9d6bf0 JavaThread "Common-Cleaner"             daemon [_thread_blocked, id=10076, stack(0x0000002ddc100000,0x0000002ddc200000) (1024K)]
  0x000002116bbdce70 JavaThread "Notification Thread"        daemon [_thread_blocked, id=20564, stack(0x0000002ddc200000,0x0000002ddc300000) (1024K)]
  0x00000211719af3b0 JavaThread "Daemon health stats"               [_thread_blocked, id=19064, stack(0x0000002ddc400000,0x0000002ddc500000) (1024K)]
=>0x000002116b8b7b10 JavaThread "C2 CompilerThread1"         daemon [_thread_in_native, id=9504, stack(0x0000002ddc900000,0x0000002ddca00000) (1024K)]
  0x00000211719fdc20 JavaThread "Incoming local TCP Connector on port 65187"        [_thread_in_native, id=17332, stack(0x0000002ddca00000,0x0000002ddcb00000) (1024K)]
  0x00000211719fb0f0 JavaThread "Daemon periodic checks"            [_thread_blocked, id=8276, stack(0x0000002ddcb00000,0x0000002ddcc00000) (1024K)]
  0x00000211718a5b70 JavaThread "Daemon"                            [_thread_blocked, id=7536, stack(0x0000002ddcc00000,0x0000002ddcd00000) (1024K)]
  0x00000211718a89f0 JavaThread "Handler for socket connection from /127.0.0.1:65187 to /127.0.0.1:65188"        [_thread_in_native, id=15252, stack(0x0000002ddcd00000,0x0000002ddce00000) (1024K)]
  0x0000021171afd910 JavaThread "Cancel handler"                    [_thread_blocked, id=13092, stack(0x0000002ddce00000,0x0000002ddcf00000) (1024K)]
  0x0000021171afc3d0 JavaThread "Daemon worker"                     [_thread_in_native, id=14160, stack(0x0000002ddcf00000,0x0000002ddd000000) (1024K)]
  0x0000021171d47180 JavaThread "Asynchronous log dispatcher for DefaultDaemonConnection: socket connection from /127.0.0.1:65187 to /127.0.0.1:65188"        [_thread_blocked, id=17652, stack(0x0000002ddd000000,0x0000002ddd100000) (1024K)]
  0x0000021171b6e440 JavaThread "Stdin handler"                     [_thread_blocked, id=12104, stack(0x0000002ddd100000,0x0000002ddd200000) (1024K)]
  0x0000021171b6f7f0 JavaThread "Daemon client event forwarder"        [_thread_blocked, id=12500, stack(0x0000002ddd200000,0x0000002ddd300000) (1024K)]
  0x0000021171b6ead0 JavaThread "Cache worker for journal cache (C:\Users\DARLYN\.gradle\caches\journal-1)"        [_thread_blocked, id=10564, stack(0x0000002ddd600000,0x0000002ddd700000) (1024K)]
  0x0000021171b6f160 JavaThread "File lock request listener"        [_thread_in_native, id=6336, stack(0x0000002ddd700000,0x0000002ddd800000) (1024K)]
  0x0000021171b70510 JavaThread "Cache worker for file hash cache (C:\Users\DARLYN\.gradle\caches\8.11.1\fileHashes)"        [_thread_blocked, id=9920, stack(0x0000002ddd800000,0x0000002ddd900000) (1024K)]
  0x000002116b8b66a0 JavaThread "C2 CompilerThread2"         daemon [_thread_in_native, id=18856, stack(0x0000002ddd900000,0x0000002ddda00000) (1024K)]
  0x0000021171b6ddb0 JavaThread "Cache worker for file content cache (C:\Users\DARLYN\.gradle\caches\8.11.1\fileContent)"        [_thread_blocked, id=4012, stack(0x0000002ddda00000,0x0000002dddb00000) (1024K)]
  0x0000021171b6fe80 JavaThread "Cache worker for file hash cache (C:\Users\DARLYN\AndroidStudioProjects\ShopNice\.gradle\8.11.1\fileHashes)"        [_thread_blocked, id=9632, stack(0x0000002dddb00000,0x0000002dddc00000) (1024K)]
  0x0000021171b70ba0 JavaThread "Cache worker for Build Output Cleanup Cache (C:\Users\DARLYN\AndroidStudioProjects\ShopNice\.gradle\buildOutputCleanup)"        [_thread_blocked, id=17584, stack(0x0000002dddc00000,0x0000002dddd00000) (1024K)]
  0x0000021171b6d720 JavaThread "File watcher server"        daemon [_thread_in_native, id=7764, stack(0x0000002dddd00000,0x0000002ddde00000) (1024K)]
  0x0000021173cb5b90 JavaThread "File watcher consumer"      daemon [_thread_blocked, id=15224, stack(0x0000002ddde00000,0x0000002dddf00000) (1024K)]
  0x0000021173cb68b0 JavaThread "Cache worker for checksums cache (C:\Users\DARLYN\AndroidStudioProjects\ShopNice\.gradle\8.11.1\checksums)"        [_thread_blocked, id=21412, stack(0x0000002dddf00000,0x0000002dde000000) (1024K)]
  0x0000021173cb4e70 JavaThread "Cache worker for cache directory md-rule (C:\Users\DARLYN\.gradle\caches\8.11.1\md-rule)"        [_thread_blocked, id=13016, stack(0x0000002dde000000,0x0000002dde100000) (1024K)]
  0x0000021173cb47e0 JavaThread "Cache worker for cache directory md-supplier (C:\Users\DARLYN\.gradle\caches\8.11.1\md-supplier)"        [_thread_blocked, id=16132, stack(0x0000002dde100000,0x0000002dde200000) (1024K)]
  0x0000021173cb6220 JavaThread "jar transforms"                    [_thread_blocked, id=21148, stack(0x0000002dde200000,0x0000002dde300000) (1024K)]
  0x0000021173def140 JavaThread "jar transforms Thread 2"           [_thread_blocked, id=20604, stack(0x0000002dde300000,0x0000002dde400000) (1024K)]
  0x0000021173dedd90 JavaThread "jar transforms Thread 3"           [_thread_blocked, id=19928, stack(0x0000002dde400000,0x0000002dde500000) (1024K)]
  0x0000021173dee420 JavaThread "Unconstrained build operations"        [_thread_blocked, id=20800, stack(0x0000002dde500000,0x0000002dde600000) (1024K)]
  0x0000021173df1f30 JavaThread "Unconstrained build operations Thread 2"        [_thread_blocked, id=15600, stack(0x0000002dde600000,0x0000002dde700000) (1024K)]
  0x0000021173deeab0 JavaThread "Unconstrained build operations Thread 3"        [_thread_blocked, id=19508, stack(0x0000002dde700000,0x0000002dde800000) (1024K)]
  0x0000021173df2c50 JavaThread "Unconstrained build operations Thread 4"        [_thread_blocked, id=19552, stack(0x0000002dde800000,0x0000002dde900000) (1024K)]
  0x0000021173df25c0 JavaThread "Unconstrained build operations Thread 5"        [_thread_blocked, id=7720, stack(0x0000002dde900000,0x0000002ddea00000) (1024K)]
  0x0000021173df32e0 JavaThread "Unconstrained build operations Thread 6"        [_thread_blocked, id=19400, stack(0x0000002ddea00000,0x0000002ddeb00000) (1024K)]
  0x0000021173df3970 JavaThread "Unconstrained build operations Thread 7"        [_thread_blocked, id=4620, stack(0x0000002ddeb00000,0x0000002ddec00000) (1024K)]
  0x0000021173df4000 JavaThread "Unconstrained build operations Thread 8"        [_thread_blocked, id=16160, stack(0x0000002ddec00000,0x0000002dded00000) (1024K)]
  0x0000021173df4690 JavaThread "Unconstrained build operations Thread 9"        [_thread_blocked, id=11856, stack(0x0000002dded00000,0x0000002ddee00000) (1024K)]
  0x0000021173df1210 JavaThread "Unconstrained build operations Thread 10"        [_thread_blocked, id=14444, stack(0x0000002ddee00000,0x0000002ddef00000) (1024K)]
  0x0000021171eb07c0 JavaThread "Unconstrained build operations Thread 11"        [_thread_blocked, id=13108, stack(0x0000002ddef00000,0x0000002ddf000000) (1024K)]
  0x0000021171eb14e0 JavaThread "Unconstrained build operations Thread 12"        [_thread_blocked, id=14852, stack(0x0000002ddf000000,0x0000002ddf100000) (1024K)]
  0x0000021171eb0e50 JavaThread "Unconstrained build operations Thread 13"        [_thread_blocked, id=18928, stack(0x0000002ddf100000,0x0000002ddf200000) (1024K)]
  0x0000021171eaed80 JavaThread "Unconstrained build operations Thread 14"        [_thread_blocked, id=18372, stack(0x0000002ddf200000,0x0000002ddf300000) (1024K)]
  0x0000021171eafaa0 JavaThread "Unconstrained build operations Thread 15"        [_thread_in_vm, id=17760, stack(0x0000002ddf300000,0x0000002ddf400000) (1024K)]
  0x0000021171eb1b70 JavaThread "Unconstrained build operations Thread 16"        [_thread_blocked, id=3160, stack(0x0000002ddf400000,0x0000002ddf500000) (1024K)]
  0x0000021171eae6f0 JavaThread "Unconstrained build operations Thread 17"        [_thread_blocked, id=17956, stack(0x0000002ddf500000,0x0000002ddf600000) (1024K)]
  0x0000021171eaf410 JavaThread "Unconstrained build operations Thread 18"        [_thread_blocked, id=14240, stack(0x0000002ddf600000,0x0000002ddf700000) (1024K)]
  0x0000021171eb0130 JavaThread "Unconstrained build operations Thread 19"        [_thread_blocked, id=6348, stack(0x0000002ddf700000,0x0000002ddf800000) (1024K)]
  0x00000211732c4f00 JavaThread "Unconstrained build operations Thread 20"        [_thread_blocked, id=4300, stack(0x0000002ddf800000,0x0000002ddf900000) (1024K)]
  0x00000211732c62b0 JavaThread "Unconstrained build operations Thread 21"        [_thread_blocked, id=11052, stack(0x0000002ddf900000,0x0000002ddfa00000) (1024K)]
Total: 58

Other Threads:
  0x000002116b822fd0 VMThread "VM Thread"                           [id=19720, stack(0x0000002ddb800000,0x0000002ddb900000) (1024K)]
  0x000002116b65e6c0 WatcherThread "VM Periodic Task Thread"        [id=13576, stack(0x0000002ddb700000,0x0000002ddb800000) (1024K)]
  0x00000211537b44e0 WorkerThread "GC Thread#0"                     [id=13040, stack(0x0000002ddb200000,0x0000002ddb300000) (1024K)]
  0x0000021170112390 WorkerThread "GC Thread#1"                     [id=9292, stack(0x0000002ddc500000,0x0000002ddc600000) (1024K)]
  0x00000211706ea040 WorkerThread "GC Thread#2"                     [id=2808, stack(0x0000002ddc600000,0x0000002ddc700000) (1024K)]
  0x0000021171153c70 WorkerThread "GC Thread#3"                     [id=17476, stack(0x0000002ddc700000,0x0000002ddc800000) (1024K)]
  0x0000021171154010 WorkerThread "GC Thread#4"                     [id=4172, stack(0x0000002ddc800000,0x0000002ddc900000) (1024K)]
  0x0000021170cfc250 WorkerThread "GC Thread#5"                     [id=19680, stack(0x0000002ddc300000,0x0000002ddc400000) (1024K)]
  0x00000211717b4660 WorkerThread "GC Thread#6"                     [id=16144, stack(0x0000002ddd300000,0x0000002ddd400000) (1024K)]
  0x00000211717b2d00 WorkerThread "GC Thread#7"                     [id=3688, stack(0x0000002ddd400000,0x0000002ddd500000) (1024K)]
  0x00000211537c6a20 ConcurrentGCThread "G1 Main Marker"            [id=14640, stack(0x0000002ddb300000,0x0000002ddb400000) (1024K)]
  0x00000211537c7430 WorkerThread "G1 Conc#0"                       [id=18392, stack(0x0000002ddb400000,0x0000002ddb500000) (1024K)]
  0x00000211717b3b80 WorkerThread "G1 Conc#1"                       [id=19812, stack(0x0000002ddd500000,0x0000002ddd600000) (1024K)]
  0x000002116b521be0 ConcurrentGCThread "G1 Refine#0"               [id=5236, stack(0x0000002ddb500000,0x0000002ddb600000) (1024K)]
  0x000002116b523410 ConcurrentGCThread "G1 Service"                [id=3888, stack(0x0000002ddb600000,0x0000002ddb700000) (1024K)]
Total: 15

Threads with active compile tasks:
C2 CompilerThread0  7218 7732   !   4       java.util.concurrent.ConcurrentHashMap::putVal (432 bytes)
C1 CompilerThread0  7218 7770       3       org.gradle.internal.execution.steps.IdentifyStep::createIdentityContextInternal (78 bytes)
C2 CompilerThread1  7218 7489   !   4       java.nio.file.FileTreeWalker::next (144 bytes)
C2 CompilerThread2  7218 7665       4       org.gradle.cache.internal.btree.CachingBlockStore::read (56 bytes)
Total: 4

VM state: not at safepoint (normal execution)

VM Mutex/Monitor currently owned by a thread: None

Heap address: 0x0000000080000000, size: 2048 MB, Compressed Oops mode: 32-bit

CDS archive(s) not mapped
Compressed class space mapped at: 0x0000000100000000-0x0000000140000000, reserved size: 1073741824
Narrow klass base: 0x0000000000000000, Narrow klass shift: 3, Narrow klass range: 0x140000000

GC Precious Log:
 CardTable entry size: 512
 Card Set container configuration: InlinePtr #cards 5 size 8 Array Of Cards #cards 12 size 40 Howl #buckets 4 coarsen threshold 1843 Howl Bitmap #cards 512 size 80 coarsen threshold 460 Card regions per heap region 1 cards per card region 2048
 CPUs: 8 total, 8 available
 Memory: 8070M
 Large Page Support: Disabled
 NUMA Support: Disabled
 Compressed Oops: Enabled (32-bit)
 Heap Region Size: 1M
 Heap Min Capacity: 8M
 Heap Initial Capacity: 128M
 Heap Max Capacity: 2G
 Pre-touch: Disabled
 Parallel Workers: 8
 Concurrent Workers: 2
 Concurrent Refinement Workers: 8
 Periodic GC: Disabled

Heap:
 garbage-first heap   total 116736K, used 94640K [0x0000000080000000, 0x0000000100000000)
  region size 1024K, 58 young (59392K), 9 survivors (9216K)
 Metaspace       used 68067K, committed 69760K, reserved 1114112K
  class space    used 9159K, committed 9984K, reserved 1048576K

Heap Regions: E=young(eden), S=young(survivor), O=old, HS=humongous(starts), HC=humongous(continues), CS=collection set, F=free, TAMS=top-at-mark-start, PB=parsable bottom
|   0|0x0000000080000000, 0x0000000080100000, 0x0000000080100000|100%| O|  |TAMS 0x0000000080000000| PB 0x0000000080000000| Untracked 
|   1|0x0000000080100000, 0x0000000080200000, 0x0000000080200000|100%|HS|  |TAMS 0x0000000080100000| PB 0x0000000080100000| Complete 
|   2|0x0000000080200000, 0x0000000080300000, 0x0000000080300000|100%|HC|  |TAMS 0x0000000080200000| PB 0x0000000080200000| Complete 
|   3|0x0000000080300000, 0x0000000080400000, 0x0000000080400000|100%|HC|  |TAMS 0x0000000080300000| PB 0x0000000080300000| Complete 
|   4|0x0000000080400000, 0x0000000080500000, 0x0000000080500000|100%| O|  |TAMS 0x0000000080400000| PB 0x0000000080400000| Untracked 
|   5|0x0000000080500000, 0x0000000080600000, 0x0000000080600000|100%| O|  |TAMS 0x0000000080500000| PB 0x0000000080500000| Untracked 
|   6|0x0000000080600000, 0x0000000080700000, 0x0000000080700000|100%| O|  |TAMS 0x0000000080600000| PB 0x0000000080600000| Untracked 
|   7|0x0000000080700000, 0x0000000080800000, 0x0000000080800000|100%|HS|  |TAMS 0x0000000080700000| PB 0x0000000080700000| Complete 
|   8|0x0000000080800000, 0x0000000080900000, 0x0000000080900000|100%| O|  |TAMS 0x0000000080800000| PB 0x0000000080800000| Untracked 
|   9|0x0000000080900000, 0x0000000080a00000, 0x0000000080a00000|100%| O|  |TAMS 0x0000000080900000| PB 0x0000000080900000| Untracked 
|  10|0x0000000080a00000, 0x0000000080b00000, 0x0000000080b00000|100%| O|  |TAMS 0x0000000080a00000| PB 0x0000000080a00000| Untracked 
|  11|0x0000000080b00000, 0x0000000080c00000, 0x0000000080c00000|100%| O|  |TAMS 0x0000000080b00000| PB 0x0000000080b00000| Untracked 
|  12|0x0000000080c00000, 0x0000000080d00000, 0x0000000080d00000|100%| O|  |TAMS 0x0000000080c00000| PB 0x0000000080c00000| Untracked 
|  13|0x0000000080d00000, 0x0000000080e00000, 0x0000000080e00000|100%| O|  |TAMS 0x0000000080d00000| PB 0x0000000080d00000| Untracked 
|  14|0x0000000080e00000, 0x0000000080f00000, 0x0000000080f00000|100%| O|  |TAMS 0x0000000080e00000| PB 0x0000000080e00000| Untracked 
|  15|0x0000000080f00000, 0x0000000081000000, 0x0000000081000000|100%| O|  |TAMS 0x0000000080f00000| PB 0x0000000080f00000| Untracked 
|  16|0x0000000081000000, 0x0000000081100000, 0x0000000081100000|100%| O|  |TAMS 0x0000000081000000| PB 0x0000000081000000| Untracked 
|  17|0x0000000081100000, 0x0000000081200000, 0x0000000081200000|100%| O|  |TAMS 0x0000000081100000| PB 0x0000000081100000| Untracked 
|  18|0x0000000081200000, 0x0000000081300000, 0x0000000081300000|100%| O|  |TAMS 0x0000000081200000| PB 0x0000000081200000| Untracked 
|  19|0x0000000081300000, 0x0000000081400000, 0x0000000081400000|100%| O|Cm|TAMS 0x0000000081300000| PB 0x0000000081300000| Complete 
|  20|0x0000000081400000, 0x0000000081400000, 0x0000000081500000|  0%| F|  |TAMS 0x0000000081400000| PB 0x0000000081400000| Untracked 
|  21|0x0000000081500000, 0x0000000081600000, 0x0000000081600000|100%| O|  |TAMS 0x0000000081500000| PB 0x0000000081500000| Untracked 
|  22|0x0000000081600000, 0x0000000081700000, 0x0000000081700000|100%| O|  |TAMS 0x0000000081600000| PB 0x0000000081600000| Untracked 
|  23|0x0000000081700000, 0x0000000081800000, 0x0000000081800000|100%| O|  |TAMS 0x0000000081700000| PB 0x0000000081700000| Untracked 
|  24|0x0000000081800000, 0x0000000081835800, 0x0000000081900000| 20%| O|  |TAMS 0x0000000081800000| PB 0x0000000081800000| Untracked 
|  25|0x0000000081900000, 0x0000000081a00000, 0x0000000081a00000|100%| O|  |TAMS 0x0000000081900000| PB 0x0000000081900000| Untracked 
|  26|0x0000000081a00000, 0x0000000081b00000, 0x0000000081b00000|100%| O|  |TAMS 0x0000000081a00000| PB 0x0000000081a00000| Untracked 
|  27|0x0000000081b00000, 0x0000000081c00000, 0x0000000081c00000|100%| O|  |TAMS 0x0000000081b00000| PB 0x0000000081b00000| Untracked 
|  28|0x0000000081c00000, 0x0000000081d00000, 0x0000000081d00000|100%| O|  |TAMS 0x0000000081c00000| PB 0x0000000081c00000| Untracked 
|  29|0x0000000081d00000, 0x0000000081e00000, 0x0000000081e00000|100%| O|  |TAMS 0x0000000081d00000| PB 0x0000000081d00000| Untracked 
|  30|0x0000000081e00000, 0x0000000081f00000, 0x0000000081f00000|100%| O|  |TAMS 0x0000000081e00000| PB 0x0000000081e00000| Untracked 
|  31|0x0000000081f00000, 0x0000000081f00000, 0x0000000082000000|  0%| F|  |TAMS 0x0000000081f00000| PB 0x0000000081f00000| Untracked 
|  32|0x0000000082000000, 0x0000000082036910, 0x0000000082100000| 21%| S|CS|TAMS 0x0000000082000000| PB 0x0000000082000000| Complete 
|  33|0x0000000082100000, 0x0000000082200000, 0x0000000082200000|100%| S|CS|TAMS 0x0000000082100000| PB 0x0000000082100000| Complete 
|  34|0x0000000082200000, 0x0000000082300000, 0x0000000082300000|100%| S|CS|TAMS 0x0000000082200000| PB 0x0000000082200000| Complete 
|  35|0x0000000082300000, 0x0000000082400000, 0x0000000082400000|100%| S|CS|TAMS 0x0000000082300000| PB 0x0000000082300000| Complete 
|  36|0x0000000082400000, 0x0000000082500000, 0x0000000082500000|100%| S|CS|TAMS 0x0000000082400000| PB 0x0000000082400000| Complete 
|  37|0x0000000082500000, 0x0000000082600000, 0x0000000082600000|100%| S|CS|TAMS 0x0000000082500000| PB 0x0000000082500000| Complete 
|  38|0x0000000082600000, 0x0000000082700000, 0x0000000082700000|100%| S|CS|TAMS 0x0000000082600000| PB 0x0000000082600000| Complete 
|  39|0x0000000082700000, 0x0000000082800000, 0x0000000082800000|100%| S|CS|TAMS 0x0000000082700000| PB 0x0000000082700000| Complete 
|  40|0x0000000082800000, 0x0000000082900000, 0x0000000082900000|100%| S|CS|TAMS 0x0000000082800000| PB 0x0000000082800000| Complete 
|  41|0x0000000082900000, 0x0000000082900000, 0x0000000082a00000|  0%| F|  |TAMS 0x0000000082900000| PB 0x0000000082900000| Untracked 
|  42|0x0000000082a00000, 0x0000000082a00000, 0x0000000082b00000|  0%| F|  |TAMS 0x0000000082a00000| PB 0x0000000082a00000| Untracked 
|  43|0x0000000082b00000, 0x0000000082b00000, 0x0000000082c00000|  0%| F|  |TAMS 0x0000000082b00000| PB 0x0000000082b00000| Untracked 
|  44|0x0000000082c00000, 0x0000000082c00000, 0x0000000082d00000|  0%| F|  |TAMS 0x0000000082c00000| PB 0x0000000082c00000| Untracked 
|  45|0x0000000082d00000, 0x0000000082d00000, 0x0000000082e00000|  0%| F|  |TAMS 0x0000000082d00000| PB 0x0000000082d00000| Untracked 
|  46|0x0000000082e00000, 0x0000000082e00000, 0x0000000082f00000|  0%| F|  |TAMS 0x0000000082e00000| PB 0x0000000082e00000| Untracked 
|  47|0x0000000082f00000, 0x0000000082f00000, 0x0000000083000000|  0%| F|  |TAMS 0x0000000082f00000| PB 0x0000000082f00000| Untracked 
|  48|0x0000000083000000, 0x0000000083000000, 0x0000000083100000|  0%| F|  |TAMS 0x0000000083000000| PB 0x0000000083000000| Untracked 
|  49|0x0000000083100000, 0x0000000083100000, 0x0000000083200000|  0%| F|  |TAMS 0x0000000083100000| PB 0x0000000083100000| Untracked 
|  50|0x0000000083200000, 0x0000000083200000, 0x0000000083300000|  0%| F|  |TAMS 0x0000000083200000| PB 0x0000000083200000| Untracked 
|  51|0x0000000083300000, 0x0000000083300000, 0x0000000083400000|  0%| F|  |TAMS 0x0000000083300000| PB 0x0000000083300000| Untracked 
|  52|0x0000000083400000, 0x0000000083400000, 0x0000000083500000|  0%| F|  |TAMS 0x0000000083400000| PB 0x0000000083400000| Untracked 
|  53|0x0000000083500000, 0x0000000083500000, 0x0000000083600000|  0%| F|  |TAMS 0x0000000083500000| PB 0x0000000083500000| Untracked 
|  54|0x0000000083600000, 0x0000000083600000, 0x0000000083700000|  0%| F|  |TAMS 0x0000000083600000| PB 0x0000000083600000| Untracked 
|  55|0x0000000083700000, 0x0000000083700000, 0x0000000083800000|  0%| F|  |TAMS 0x0000000083700000| PB 0x0000000083700000| Untracked 
|  56|0x0000000083800000, 0x0000000083800000, 0x0000000083900000|  0%| F|  |TAMS 0x0000000083800000| PB 0x0000000083800000| Untracked 
|  57|0x0000000083900000, 0x00000000839948f0, 0x0000000083a00000| 58%| E|  |TAMS 0x0000000083900000| PB 0x0000000083900000| Complete 
|  58|0x0000000083a00000, 0x0000000083b00000, 0x0000000083b00000|100%| E|CS|TAMS 0x0000000083a00000| PB 0x0000000083a00000| Complete 
|  59|0x0000000083b00000, 0x0000000083c00000, 0x0000000083c00000|100%| E|CS|TAMS 0x0000000083b00000| PB 0x0000000083b00000| Complete 
|  60|0x0000000083c00000, 0x0000000083d00000, 0x0000000083d00000|100%| E|  |TAMS 0x0000000083c00000| PB 0x0000000083c00000| Complete 
|  61|0x0000000083d00000, 0x0000000083e00000, 0x0000000083e00000|100%| E|CS|TAMS 0x0000000083d00000| PB 0x0000000083d00000| Complete 
|  62|0x0000000083e00000, 0x0000000083f00000, 0x0000000083f00000|100%| E|CS|TAMS 0x0000000083e00000| PB 0x0000000083e00000| Complete 
|  63|0x0000000083f00000, 0x0000000084000000, 0x0000000084000000|100%| E|CS|TAMS 0x0000000083f00000| PB 0x0000000083f00000| Complete 
|  64|0x0000000084000000, 0x0000000084100000, 0x0000000084100000|100%| E|CS|TAMS 0x0000000084000000| PB 0x0000000084000000| Complete 
|  65|0x0000000084100000, 0x0000000084200000, 0x0000000084200000|100%| E|CS|TAMS 0x0000000084100000| PB 0x0000000084100000| Complete 
|  66|0x0000000084200000, 0x0000000084300000, 0x0000000084300000|100%| E|CS|TAMS 0x0000000084200000| PB 0x0000000084200000| Complete 
|  67|0x0000000084300000, 0x0000000084400000, 0x0000000084400000|100%| E|CS|TAMS 0x0000000084300000| PB 0x0000000084300000| Complete 
|  68|0x0000000084400000, 0x0000000084500000, 0x0000000084500000|100%| E|CS|TAMS 0x0000000084400000| PB 0x0000000084400000| Complete 
|  69|0x0000000084500000, 0x0000000084600000, 0x0000000084600000|100%| E|CS|TAMS 0x0000000084500000| PB 0x0000000084500000| Complete 
|  70|0x0000000084600000, 0x0000000084700000, 0x0000000084700000|100%| E|CS|TAMS 0x0000000084600000| PB 0x0000000084600000| Complete 
|  71|0x0000000084700000, 0x0000000084800000, 0x0000000084800000|100%| E|CS|TAMS 0x0000000084700000| PB 0x0000000084700000| Complete 
|  72|0x0000000084800000, 0x0000000084900000, 0x0000000084900000|100%| E|CS|TAMS 0x0000000084800000| PB 0x0000000084800000| Complete 
|  73|0x0000000084900000, 0x0000000084a00000, 0x0000000084a00000|100%| E|CS|TAMS 0x0000000084900000| PB 0x0000000084900000| Complete 
|  74|0x0000000084a00000, 0x0000000084b00000, 0x0000000084b00000|100%| E|CS|TAMS 0x0000000084a00000| PB 0x0000000084a00000| Complete 
|  75|0x0000000084b00000, 0x0000000084c00000, 0x0000000084c00000|100%| E|CS|TAMS 0x0000000084b00000| PB 0x0000000084b00000| Complete 
|  76|0x0000000084c00000, 0x0000000084d00000, 0x0000000084d00000|100%| E|CS|TAMS 0x0000000084c00000| PB 0x0000000084c00000| Complete 
|  77|0x0000000084d00000, 0x0000000084e00000, 0x0000000084e00000|100%| E|CS|TAMS 0x0000000084d00000| PB 0x0000000084d00000| Complete 
|  78|0x0000000084e00000, 0x0000000084f00000, 0x0000000084f00000|100%| E|CS|TAMS 0x0000000084e00000| PB 0x0000000084e00000| Complete 
|  79|0x0000000084f00000, 0x0000000085000000, 0x0000000085000000|100%| E|CS|TAMS 0x0000000084f00000| PB 0x0000000084f00000| Complete 
|  80|0x0000000085000000, 0x0000000085100000, 0x0000000085100000|100%| E|CS|TAMS 0x0000000085000000| PB 0x0000000085000000| Complete 
|  81|0x0000000085100000, 0x0000000085200000, 0x0000000085200000|100%| E|CS|TAMS 0x0000000085100000| PB 0x0000000085100000| Complete 
|  82|0x0000000085200000, 0x0000000085300000, 0x0000000085300000|100%| E|CS|TAMS 0x0000000085200000| PB 0x0000000085200000| Complete 
|  83|0x0000000085300000, 0x0000000085400000, 0x0000000085400000|100%| E|CS|TAMS 0x0000000085300000| PB 0x0000000085300000| Complete 
|  84|0x0000000085400000, 0x0000000085500000, 0x0000000085500000|100%| E|CS|TAMS 0x0000000085400000| PB 0x0000000085400000| Complete 
|  85|0x0000000085500000, 0x0000000085600000, 0x0000000085600000|100%| E|CS|TAMS 0x0000000085500000| PB 0x0000000085500000| Complete 
|  86|0x0000000085600000, 0x0000000085700000, 0x0000000085700000|100%| E|CS|TAMS 0x0000000085600000| PB 0x0000000085600000| Complete 
|  87|0x0000000085700000, 0x0000000085800000, 0x0000000085800000|100%| E|CS|TAMS 0x0000000085700000| PB 0x0000000085700000| Complete 
|  88|0x0000000085800000, 0x0000000085900000, 0x0000000085900000|100%| E|CS|TAMS 0x0000000085800000| PB 0x0000000085800000| Complete 
|  89|0x0000000085900000, 0x0000000085a00000, 0x0000000085a00000|100%| E|CS|TAMS 0x0000000085900000| PB 0x0000000085900000| Complete 
|  90|0x0000000085a00000, 0x0000000085b00000, 0x0000000085b00000|100%| E|CS|TAMS 0x0000000085a00000| PB 0x0000000085a00000| Complete 
|  91|0x0000000085b00000, 0x0000000085c00000, 0x0000000085c00000|100%| E|CS|TAMS 0x0000000085b00000| PB 0x0000000085b00000| Complete 
|  92|0x0000000085c00000, 0x0000000085d00000, 0x0000000085d00000|100%| E|CS|TAMS 0x0000000085c00000| PB 0x0000000085c00000| Complete 
|  93|0x0000000085d00000, 0x0000000085e00000, 0x0000000085e00000|100%| E|CS|TAMS 0x0000000085d00000| PB 0x0000000085d00000| Complete 
|  94|0x0000000085e00000, 0x0000000085f00000, 0x0000000085f00000|100%| E|CS|TAMS 0x0000000085e00000| PB 0x0000000085e00000| Complete 
|  95|0x0000000085f00000, 0x0000000086000000, 0x0000000086000000|100%| E|CS|TAMS 0x0000000085f00000| PB 0x0000000085f00000| Complete 
|  96|0x0000000086000000, 0x0000000086100000, 0x0000000086100000|100%| E|CS|TAMS 0x0000000086000000| PB 0x0000000086000000| Complete 
|  97|0x0000000086100000, 0x0000000086200000, 0x0000000086200000|100%| E|CS|TAMS 0x0000000086100000| PB 0x0000000086100000| Complete 
|  98|0x0000000086200000, 0x0000000086300000, 0x0000000086300000|100%| E|CS|TAMS 0x0000000086200000| PB 0x0000000086200000| Complete 
|  99|0x0000000086300000, 0x0000000086400000, 0x0000000086400000|100%| E|CS|TAMS 0x0000000086300000| PB 0x0000000086300000| Complete 
| 100|0x0000000086400000, 0x0000000086500000, 0x0000000086500000|100%| E|CS|TAMS 0x0000000086400000| PB 0x0000000086400000| Complete 
| 101|0x0000000086500000, 0x0000000086600000, 0x0000000086600000|100%| E|CS|TAMS 0x0000000086500000| PB 0x0000000086500000| Complete 
| 102|0x0000000086600000, 0x0000000086700000, 0x0000000086700000|100%| E|CS|TAMS 0x0000000086600000| PB 0x0000000086600000| Complete 
| 103|0x0000000086700000, 0x0000000086800000, 0x0000000086800000|100%| E|CS|TAMS 0x0000000086700000| PB 0x0000000086700000| Complete 
| 104|0x0000000086800000, 0x0000000086900000, 0x0000000086900000|100%| E|CS|TAMS 0x0000000086800000| PB 0x0000000086800000| Complete 
| 127|0x0000000087f00000, 0x0000000088000000, 0x0000000088000000|100%| E|CS|TAMS 0x0000000087f00000| PB 0x0000000087f00000| Complete 
|2040|0x00000000ff800000, 0x00000000ff900000, 0x00000000ff900000|100%| O|  |TAMS 0x00000000ff800000| PB 0x00000000ff800000| Untracked 
|2041|0x00000000ff900000, 0x00000000ffa00000, 0x00000000ffa00000|100%| O|  |TAMS 0x00000000ff900000| PB 0x00000000ff900000| Untracked 
|2042|0x00000000ffa00000, 0x00000000ffb00000, 0x00000000ffb00000|100%| O|  |TAMS 0x00000000ffa00000| PB 0x00000000ffa00000| Untracked 
|2043|0x00000000ffb00000, 0x00000000ffc00000, 0x00000000ffc00000|100%| O|  |TAMS 0x00000000ffb00000| PB 0x00000000ffb00000| Untracked 
|2044|0x00000000ffc00000, 0x00000000ffd00000, 0x00000000ffd00000|100%| O|  |TAMS 0x00000000ffc00000| PB 0x00000000ffc00000| Untracked 
|2045|0x00000000ffd00000, 0x00000000ffe00000, 0x00000000ffe00000|100%| O|  |TAMS 0x00000000ffd00000| PB 0x00000000ffd00000| Untracked 
|2046|0x00000000ffe00000, 0x00000000fff00000, 0x00000000fff00000|100%| O|  |TAMS 0x00000000ffe00000| PB 0x00000000ffe00000| Untracked 
|2047|0x00000000fff00000, 0x0000000100000000, 0x0000000100000000|100%| O|  |TAMS 0x00000000fff00000| PB 0x00000000fff00000| Untracked 

Card table byte_map: [0x00000211667a0000,0x0000021166ba0000] _byte_map_base: 0x00000211663a0000

Marking Bits: (CMBitMap*) 0x00000211537b5300
 Bits: [0x0000021166ba0000, 0x0000021168ba0000)

Polling page: 0x0000021151f30000

Metaspace:

Usage:
  Non-class:     57.55 MB used.
      Class:      8.94 MB used.
       Both:     66.49 MB used.

Virtual space:
  Non-class space:       64.00 MB reserved,      58.38 MB ( 91%) committed,  1 nodes.
      Class space:        1.00 GB reserved,       9.75 MB ( <1%) committed,  1 nodes.
             Both:        1.06 GB reserved,      68.12 MB (  6%) committed. 

Chunk freelists:
   Non-Class:  4.70 MB
       Class:  6.19 MB
        Both:  10.90 MB

MaxMetaspaceSize: unlimited
CompressedClassSpaceSize: 1.00 GB
Initial GC threshold: 21.00 MB
Current GC threshold: 99.19 MB
CDS: off
 - commit_granule_bytes: 65536.
 - commit_granule_words: 8192.
 - virtual_space_node_default_size: 8388608.
 - enlarge_chunks_in_place: 1.
 - use_allocation_guard: 0.


Internal statistics:

num_allocs_failed_limit: 12.
num_arena_births: 3044.
num_arena_deaths: 0.
num_vsnodes_births: 2.
num_vsnodes_deaths: 0.
num_space_committed: 1090.
num_space_uncommitted: 0.
num_chunks_returned_to_freelist: 12.
num_chunks_taken_from_freelist: 5755.
num_chunk_merges: 12.
num_chunk_splits: 3691.
num_chunks_enlarged: 2237.
num_inconsistent_stats: 0.

CodeHeap 'non-profiled nmethods': size=120000Kb used=4319Kb max_used=4319Kb free=115680Kb
 bounds [0x000002115e400000, 0x000002115e840000, 0x0000021165930000]
CodeHeap 'profiled nmethods': size=120000Kb used=13328Kb max_used=13328Kb free=106671Kb
 bounds [0x0000021156930000, 0x0000021157640000, 0x000002115de60000]
CodeHeap 'non-nmethods': size=5760Kb used=2764Kb max_used=2848Kb free=2995Kb
 bounds [0x000002115de60000, 0x000002115e130000, 0x000002115e400000]
 total_blobs=8115 nmethods=7211 adapters=808
 compilation: enabled
              stopped_count=0, restarted_count=0
 full_count=0

Compilation events (20 events):
Event: 7.136 Thread 0x000002116b8b9d20 nmethod 7676 0x00000211575eed90 code [0x00000211575eef40, 0x00000211575ef270]
Event: 7.136 Thread 0x000002116b8b9d20 7693       3       com.google.common.collect.ImmutableSortedMap::of (30 bytes)
Event: 7.138 Thread 0x000002116b8b9d20 nmethod 7693 0x00000211575ef390 code [0x00000211575ef680, 0x00000211575f0940]
Event: 7.138 Thread 0x000002116b8b9d20 7692       3       java.util.Spliterators::emptySpliterator (4 bytes)
Event: 7.138 Thread 0x000002116b8b9d20 nmethod 7692 0x00000211575f1010 code [0x00000211575f11a0, 0x00000211575f1298]
Event: 7.138 Thread 0x000002116b8b9d20 7694       3       org.gradle.api.internal.artifacts.transform.TransformStepSubject$Initial::getInitialComponentIdentifier (15 bytes)
Event: 7.138 Thread 0x000002116b8b9d20 nmethod 7694 0x00000211575f1310 code [0x00000211575f14e0, 0x00000211575f1768]
Event: 7.138 Thread 0x000002116b8b9d20 7672       3       org.gradle.internal.vfs.impl.DefaultSnapshotHierarchy::rootSnapshotsUnder (25 bytes)
Event: 7.140 Thread 0x000002116b8b9d20 nmethod 7672 0x00000211575f1890 code [0x00000211575f1b40, 0x00000211575f28f8]
Event: 7.140 Thread 0x000002116b8b9d20 7698       3       org.gradle.internal.operations.DefaultBuildOperationListenerManager$1::progress (47 bytes)
Event: 7.141 Thread 0x000002116b8b9d20 nmethod 7698 0x00000211575f2d10 code [0x00000211575f2f00, 0x00000211575f3430]
Event: 7.141 Thread 0x000002116b8b9d20 7699       2       com.google.common.collect.ImmutableMap$Builder::put (35 bytes)
Event: 7.141 Thread 0x000002116b8b9d20 nmethod 7699 0x00000211575f3610 code [0x00000211575f37e0, 0x00000211575f3b78]
Event: 7.141 Thread 0x000002116b8b9d20 7695       3       com.google.common.collect.ImmutableSortedMap::fromEntries (353 bytes)
Event: 7.147 Thread 0x000002116b8b9d20 nmethod 7695 0x00000211575f3d10 code [0x00000211575f4380, 0x00000211575f84f0]
Event: 7.147 Thread 0x000002116b8b9d20 7696       3       org.gradle.internal.operations.DefaultBuildOperationProgressEventEmitter::doEmit (21 bytes)
Event: 7.148 Thread 0x000002116b8b9d20 nmethod 7696 0x00000211575f9b10 code [0x00000211575f9ce0, 0x00000211575fa028]
Event: 7.148 Thread 0x000002116b8b9d20 7697       3       org.gradle.internal.hash.Hashing$DefaultHasher::put (8 bytes)
Event: 7.148 Thread 0x000002116b8b9d20 nmethod 7697 0x00000211575fa190 code [0x00000211575fa340, 0x00000211575fa518]
Event: 7.148 Thread 0x000002116b8b9d20 7700       3       java.util.Spliterators$EmptySpliterator$OfRef::forEachRemaining (6 bytes)

GC Heap History (20 events):
Event: 1.672 GC heap before
{Heap before GC invocations=2 (full 0):
 garbage-first heap   total 131072K, used 60161K [0x0000000080000000, 0x0000000100000000)
  region size 1024K, 51 young (52224K), 5 survivors (5120K)
 Metaspace       used 13029K, committed 13248K, reserved 1114112K
  class space    used 1428K, committed 1536K, reserved 1048576K
}
Event: 1.678 GC heap after
{Heap after GC invocations=3 (full 0):
 garbage-first heap   total 131072K, used 16966K [0x0000000080000000, 0x0000000100000000)
  region size 1024K, 5 young (5120K), 5 survivors (5120K)
 Metaspace       used 13029K, committed 13248K, reserved 1114112K
  class space    used 1428K, committed 1536K, reserved 1048576K
}
Event: 2.128 GC heap before
{Heap before GC invocations=3 (full 0):
 garbage-first heap   total 131072K, used 42566K [0x0000000080000000, 0x0000000100000000)
  region size 1024K, 31 young (31744K), 5 survivors (5120K)
 Metaspace       used 21192K, committed 21504K, reserved 1114112K
  class space    used 2439K, committed 2624K, reserved 1048576K
}
Event: 2.133 GC heap after
{Heap after GC invocations=4 (full 0):
 garbage-first heap   total 131072K, used 20379K [0x0000000080000000, 0x0000000100000000)
  region size 1024K, 9 young (9216K), 9 survivors (9216K)
 Metaspace       used 21192K, committed 21504K, reserved 1114112K
  class space    used 2439K, committed 2624K, reserved 1048576K
}
Event: 2.775 GC heap before
{Heap before GC invocations=5 (full 0):
 garbage-first heap   total 71680K, used 70555K [0x0000000080000000, 0x0000000100000000)
  region size 1024K, 58 young (59392K), 9 survivors (9216K)
 Metaspace       used 29356K, committed 29952K, reserved 1114112K
  class space    used 3747K, committed 4032K, reserved 1048576K
}
Event: 2.783 GC heap after
{Heap after GC invocations=6 (full 0):
 garbage-first heap   total 83968K, used 23018K [0x0000000080000000, 0x0000000100000000)
  region size 1024K, 7 young (7168K), 7 survivors (7168K)
 Metaspace       used 29356K, committed 29952K, reserved 1114112K
  class space    used 3747K, committed 4032K, reserved 1048576K
}
Event: 3.316 GC heap before
{Heap before GC invocations=6 (full 0):
 garbage-first heap   total 83968K, used 66026K [0x0000000080000000, 0x0000000100000000)
  region size 1024K, 49 young (50176K), 7 survivors (7168K)
 Metaspace       used 35120K, committed 35968K, reserved 1114112K
  class space    used 4707K, committed 5120K, reserved 1048576K
}
Event: 3.324 GC heap after
{Heap after GC invocations=7 (full 0):
 garbage-first heap   total 101376K, used 25544K [0x0000000080000000, 0x0000000100000000)
  region size 1024K, 6 young (6144K), 6 survivors (6144K)
 Metaspace       used 35120K, committed 35968K, reserved 1114112K
  class space    used 4707K, committed 5120K, reserved 1048576K
}
Event: 3.333 GC heap before
{Heap before GC invocations=7 (full 0):
 garbage-first heap   total 101376K, used 26568K [0x0000000080000000, 0x0000000100000000)
  region size 1024K, 8 young (8192K), 6 survivors (6144K)
 Metaspace       used 35213K, committed 36096K, reserved 1114112K
  class space    used 4720K, committed 5184K, reserved 1048576K
}
Event: 3.337 GC heap after
{Heap after GC invocations=8 (full 0):
 garbage-first heap   total 101376K, used 25543K [0x0000000080000000, 0x0000000100000000)
  region size 1024K, 3 young (3072K), 3 survivors (3072K)
 Metaspace       used 35213K, committed 36096K, reserved 1114112K
  class space    used 4720K, committed 5184K, reserved 1048576K
}
Event: 3.949 GC heap before
{Heap before GC invocations=9 (full 0):
 garbage-first heap   total 86016K, used 81863K [0x0000000080000000, 0x0000000100000000)
  region size 1024K, 59 young (60416K), 3 survivors (3072K)
 Metaspace       used 45278K, committed 46464K, reserved 1114112K
  class space    used 6045K, committed 6656K, reserved 1048576K
}
Event: 3.957 GC heap after
{Heap after GC invocations=10 (full 0):
 garbage-first heap   total 92160K, used 31210K [0x0000000080000000, 0x0000000100000000)
  region size 1024K, 8 young (8192K), 8 survivors (8192K)
 Metaspace       used 45278K, committed 46464K, reserved 1114112K
  class space    used 6045K, committed 6656K, reserved 1048576K
}
Event: 4.395 GC heap before
{Heap before GC invocations=10 (full 0):
 garbage-first heap   total 92160K, used 83434K [0x0000000080000000, 0x0000000100000000)
  region size 1024K, 54 young (55296K), 8 survivors (8192K)
 Metaspace       used 48983K, committed 50240K, reserved 1114112K
  class space    used 6513K, committed 7168K, reserved 1048576K
}
Event: 4.408 GC heap after
{Heap after GC invocations=11 (full 0):
 garbage-first heap   total 97280K, used 35254K [0x0000000080000000, 0x0000000100000000)
  region size 1024K, 5 young (5120K), 5 survivors (5120K)
 Metaspace       used 48983K, committed 50240K, reserved 1114112K
  class space    used 6513K, committed 7168K, reserved 1048576K
}
Event: 5.045 GC heap before
{Heap before GC invocations=11 (full 0):
 garbage-first heap   total 97280K, used 83382K [0x0000000080000000, 0x0000000100000000)
  region size 1024K, 52 young (53248K), 5 survivors (5120K)
 Metaspace       used 54646K, committed 56128K, reserved 1114112K
  class space    used 7390K, committed 8128K, reserved 1048576K
}
Event: 5.052 GC heap after
{Heap after GC invocations=12 (full 0):
 garbage-first heap   total 116736K, used 38419K [0x0000000080000000, 0x0000000100000000)
  region size 1024K, 4 young (4096K), 4 survivors (4096K)
 Metaspace       used 54646K, committed 56128K, reserved 1114112K
  class space    used 7390K, committed 8128K, reserved 1048576K
}
Event: 5.504 GC heap before
{Heap before GC invocations=12 (full 0):
 garbage-first heap   total 116736K, used 68115K [0x0000000080000000, 0x0000000100000000)
  region size 1024K, 33 young (33792K), 4 survivors (4096K)
 Metaspace       used 58913K, committed 60416K, reserved 1114112K
  class space    used 7970K, committed 8704K, reserved 1048576K
}
Event: 5.510 GC heap after
{Heap after GC invocations=13 (full 0):
 garbage-first heap   total 116736K, used 40959K [0x0000000080000000, 0x0000000100000000)
  region size 1024K, 5 young (5120K), 5 survivors (5120K)
 Metaspace       used 58913K, committed 60416K, reserved 1114112K
  class space    used 7970K, committed 8704K, reserved 1048576K
}
Event: 6.578 GC heap before
{Heap before GC invocations=14 (full 0):
 garbage-first heap   total 116736K, used 102399K [0x0000000080000000, 0x0000000100000000)
  region size 1024K, 65 young (66560K), 5 survivors (5120K)
 Metaspace       used 66929K, committed 68544K, reserved 1114112K
  class space    used 9033K, committed 9792K, reserved 1048576K
}
Event: 6.589 GC heap after
{Heap after GC invocations=15 (full 0):
 garbage-first heap   total 116736K, used 46512K [0x0000000080000000, 0x0000000100000000)
  region size 1024K, 9 young (9216K), 9 survivors (9216K)
 Metaspace       used 66929K, committed 68544K, reserved 1114112K
  class space    used 9033K, committed 9792K, reserved 1048576K
}

Dll operation events (3 events):
Event: 0.009 Loaded shared library C:\Program Files\Android\Android Studio\jbr\bin\java.dll
Event: 0.014 Loaded shared library C:\Program Files\Android\Android Studio\jbr\bin\zip.dll
Event: 0.704 Loaded shared library C:\Program Files\Android\Android Studio\jbr\bin\verify.dll

Deoptimization events (20 events):
Event: 6.964 Thread 0x0000021171eb1b70 Uncommon trap: trap_request=0xffffff45 fr.pc=0x000002115e53cf50 relative=0x0000000000000290
Event: 6.964 Thread 0x0000021171eb1b70 Uncommon trap: reason=unstable_if action=reinterpret pc=0x000002115e53cf50 method=java.util.concurrent.ConcurrentHashMap.get(Ljava/lang/Object;)Ljava/lang/Object; @ 86 c2
Event: 6.964 Thread 0x0000021171eb1b70 DEOPT PACKING pc=0x000002115e53cf50 sp=0x0000002ddf4fdf90
Event: 6.964 Thread 0x0000021171eb1b70 DEOPT UNPACKING pc=0x000002115deb46a2 sp=0x0000002ddf4fdf08 mode 2
Event: 7.133 Thread 0x00000211732c62b0 Uncommon trap: trap_request=0xffffffd6 fr.pc=0x000002115e835424 relative=0x0000000000000544
Event: 7.133 Thread 0x00000211732c62b0 Uncommon trap: reason=array_check action=maybe_recompile pc=0x000002115e835424 method=com.google.common.collect.ImmutableMap$Builder.put(Ljava/lang/Object;Ljava/lang/Object;)Lcom/google/common/collect/ImmutableMap$Builder; @ 32 c2
Event: 7.133 Thread 0x00000211732c62b0 DEOPT PACKING pc=0x000002115e835424 sp=0x0000002ddf9fc920
Event: 7.133 Thread 0x0000021171eafaa0 Uncommon trap: trap_request=0xffffffd6 fr.pc=0x000002115e835424 relative=0x0000000000000544
Event: 7.133 Thread 0x00000211732c62b0 DEOPT UNPACKING pc=0x000002115deb46a2 sp=0x0000002ddf9fc908 mode 2
Event: 7.133 Thread 0x0000021171eafaa0 Uncommon trap: reason=array_check action=maybe_recompile pc=0x000002115e835424 method=com.google.common.collect.ImmutableMap$Builder.put(Ljava/lang/Object;Ljava/lang/Object;)Lcom/google/common/collect/ImmutableMap$Builder; @ 32 c2
Event: 7.133 Thread 0x00000211732c62b0 Uncommon trap: trap_request=0xffffffd6 fr.pc=0x000002115e835424 relative=0x0000000000000544
Event: 7.133 Thread 0x00000211732c62b0 Uncommon trap: reason=array_check action=maybe_recompile pc=0x000002115e835424 method=com.google.common.collect.ImmutableMap$Builder.put(Ljava/lang/Object;Ljava/lang/Object;)Lcom/google/common/collect/ImmutableMap$Builder; @ 32 c2
Event: 7.133 Thread 0x0000021171eafaa0 DEOPT PACKING pc=0x000002115e835424 sp=0x0000002ddf3fc9e0
Event: 7.133 Thread 0x00000211732c62b0 DEOPT PACKING pc=0x000002115e835424 sp=0x0000002ddf9fc920
Event: 7.133 Thread 0x00000211732c62b0 DEOPT UNPACKING pc=0x000002115deb46a2 sp=0x0000002ddf9fc908 mode 2
Event: 7.133 Thread 0x0000021171eafaa0 DEOPT UNPACKING pc=0x000002115deb46a2 sp=0x0000002ddf3fc9b0 mode 2
Event: 7.133 Thread 0x0000021171eafaa0 Uncommon trap: trap_request=0xffffffd6 fr.pc=0x000002115e835424 relative=0x0000000000000544
Event: 7.133 Thread 0x0000021171eafaa0 Uncommon trap: reason=array_check action=maybe_recompile pc=0x000002115e835424 method=com.google.common.collect.ImmutableMap$Builder.put(Ljava/lang/Object;Ljava/lang/Object;)Lcom/google/common/collect/ImmutableMap$Builder; @ 32 c2
Event: 7.133 Thread 0x0000021171eafaa0 DEOPT PACKING pc=0x000002115e835424 sp=0x0000002ddf3fc9e0
Event: 7.133 Thread 0x0000021171eafaa0 DEOPT UNPACKING pc=0x000002115deb46a2 sp=0x0000002ddf3fc9b0 mode 2

Classes loaded (20 events):
Event: 6.121 Loading class sun/net/InetAddressCachePolicy$1
Event: 6.121 Loading class sun/net/InetAddressCachePolicy$1 done
Event: 6.121 Loading class java/net/InetAddress$CachedLookup
Event: 6.121 Loading class java/net/InetAddress$CachedLookup done
Event: 6.124 Loading class java/lang/ThreadDeath
Event: 6.124 Loading class java/lang/ThreadDeath done
Event: 6.124 Loading class sun/misc/SharedSecrets
Event: 6.124 Loading class sun/misc/SharedSecrets done
Event: 6.469 Loading class java/util/Collections$ReverseComparator
Event: 6.469 Loading class java/util/Collections$ReverseComparator done
Event: 6.469 Loading class java/util/Collections$ReverseComparator2
Event: 6.469 Loading class java/util/Collections$ReverseComparator2 done
Event: 6.622 Loading class java/util/stream/DistinctOps
Event: 6.623 Loading class java/util/stream/DistinctOps done
Event: 6.623 Loading class java/util/stream/DistinctOps$1
Event: 6.623 Loading class java/util/stream/DistinctOps$1 done
Event: 6.623 Loading class java/util/stream/DistinctOps$1$2
Event: 6.623 Loading class java/util/stream/DistinctOps$1$2 done
Event: 6.970 Loading class java/lang/foreign/MemorySegment
Event: 6.973 Loading class java/lang/foreign/MemorySegment done

Classes unloaded (0 events):
No events

Classes redefined (0 events):
No events

Internal exceptions (20 events):
Event: 5.693 Thread 0x0000021171afc3d0 Exception <a 'java/lang/ClassNotFoundException'{0x0000000085fe30c8}: org/gradle/plugin/use/internal/PluginRequestCollector$PluginDependencySpecImplBeanInfo> (0x0000000085fe30c8) 
thrown [s\src\hotspot\share\classfile\systemDictionary.cpp, line 312]
Event: 5.694 Thread 0x0000021171afc3d0 Exception <a 'java/lang/ClassNotFoundException'{0x0000000085ff4748}: org/gradle/plugin/use/internal/PluginRequestCollector$PluginDependencySpecImplCustomizer> (0x0000000085ff4748) 
thrown [s\src\hotspot\share\classfile\systemDictionary.cpp, line 312]
Event: 5.746 Thread 0x0000021171afc3d0 Exception <a 'java/lang/NoSuchMethodError'{0x0000000085b5a320}: 'int java.lang.invoke.DirectMethodHandle$Holder.invokeSpecialIFC(java.lang.Object, java.lang.Object, java.lang.Object)'> (0x0000000085b5a320) 
thrown [s\src\hotspot\share\interpreter\linkResolver.cpp, line 784]
Event: 5.798 Thread 0x0000021171afc3d0 Exception <a 'java/lang/NoSuchMethodError'{0x00000000858e51f8}: 'java.lang.Object java.lang.invoke.DirectMethodHandle$Holder.invokeSpecial(java.lang.Object, java.lang.Object, java.lang.Object, java.lang.Object, java.lang.Object, long)'> (0x00000000858e51f8) 
thrown [s\src\hotspot\share\interpreter\linkResolver.cpp, line 784]
Event: 5.799 Thread 0x0000021171afc3d0 Exception <a 'java/lang/NoSuchMethodError'{0x000000008571d6d8}: 'void java.lang.invoke.DirectMethodHandle$Holder.invokeStatic(java.lang.Object, java.lang.Object, java.lang.Object, int, java.lang.Object)'> (0x000000008571d6d8) 
thrown [s\src\hotspot\share\interpreter\linkResolver.cpp, line 784]
Event: 5.850 Thread 0x0000021171afc3d0 Exception <a 'sun/nio/fs/WindowsException'{0x00000000855dd8d0}> (0x00000000855dd8d0) 
thrown [s\src\hotspot\share\prims\jni.cpp, line 535]
Event: 5.905 Thread 0x0000021171afc3d0 Exception <a 'java/lang/NoSuchMethodError'{0x00000000852ca918}: 'void java.lang.invoke.DirectMethodHandle$Holder.invokeVirtual(java.lang.Object, java.lang.Object)'> (0x00000000852ca918) 
thrown [s\src\hotspot\share\interpreter\linkResolver.cpp, line 784]
Event: 6.120 Thread 0x0000021171afc3d0 Exception <a 'java/net/UnknownHostException'{0x0000000083ea3888}> (0x0000000083ea3888) 
thrown [s\src\hotspot\share\prims\jni.cpp, line 535]
Event: 6.124 Thread 0x0000021171afc3d0 Exception <a 'java/lang/ClassNotFoundException'{0x0000000083ec9f78}: sun/misc/SharedSecrets> (0x0000000083ec9f78) 
thrown [s\src\hotspot\share\classfile\systemDictionary.cpp, line 312]
Event: 6.194 Thread 0x0000021171afc3d0 Exception <a 'java/lang/NoSuchMethodError'{0x00000000839564c0}: 'int java.lang.invoke.DirectMethodHandle$Holder.invokeInterface(java.lang.Object, java.lang.Object, java.lang.Object, java.lang.Object)'> (0x00000000839564c0) 
thrown [s\src\hotspot\share\interpreter\linkResolver.cpp, line 784]
Event: 6.226 Thread 0x0000021171afc3d0 Exception <a 'java/lang/NoSuchMethodError'{0x0000000083705730}: 'java.lang.Object java.lang.invoke.DirectMethodHandle$Holder.invokeStatic(java.lang.Object, long, java.lang.Object)'> (0x0000000083705730) 
thrown [s\src\hotspot\share\interpreter\linkResolver.cpp, line 784]
Event: 6.227 Thread 0x0000021171afc3d0 Exception <a 'java/lang/NoSuchMethodError'{0x000000008370c928}: 'java.lang.Object java.lang.invoke.DirectMethodHandle$Holder.newInvokeSpecial(java.lang.Object, long)'> (0x000000008370c928) 
thrown [s\src\hotspot\share\interpreter\linkResolver.cpp, line 784]
Event: 6.235 Thread 0x0000021171afc3d0 Exception <a 'java/lang/NoSuchMethodError'{0x0000000083775e58}: 'java.lang.Object java.lang.invoke.Invokers$Holder.linkToTargetMethod(java.lang.Object, java.lang.Object, java.lang.Object, java.lang.Object, long, java.lang.Object, java.lang.Object)'> (0x0000000083775e58) 
thrown [s\src\hotspot\share\interpreter\linkResolver.cpp, line 784]
Event: 6.239 Thread 0x0000021171afc3d0 Exception <a 'java/lang/NoSuchMethodError'{0x00000000837bb968}: 'java.lang.Object java.lang.invoke.DirectMethodHandle$Holder.newInvokeSpecial(java.lang.Object, java.lang.Object, java.lang.Object, long, java.lang.Object)'> (0x00000000837bb968) 
thrown [s\src\hotspot\share\interpreter\linkResolver.cpp, line 784]
Event: 6.239 Thread 0x0000021171afc3d0 Exception <a 'java/lang/NoSuchMethodError'{0x00000000837c0858}: 'java.lang.Object java.lang.invoke.DirectMethodHandle$Holder.invokeSpecial(java.lang.Object, java.lang.Object, java.lang.Object, java.lang.Object, long, java.lang.Object)'> (0x00000000837c0858) 
thrown [s\src\hotspot\share\interpreter\linkResolver.cpp, line 784]
Event: 6.239 Thread 0x0000021171afc3d0 Exception <a 'java/lang/NoSuchMethodError'{0x00000000837c4b28}: 'java.lang.Object java.lang.invoke.Invokers$Holder.linkToTargetMethod(java.lang.Object, java.lang.Object, long, java.lang.Object, java.lang.Object)'> (0x00000000837c4b28) 
thrown [s\src\hotspot\share\interpreter\linkResolver.cpp, line 784]
Event: 6.274 Thread 0x0000021171afc3d0 Exception <a 'java/lang/NoSuchMethodError'{0x000000008359fb58}: 'java.lang.Object java.lang.invoke.DirectMethodHandle$Holder.invokeSpecial(java.lang.Object, java.lang.Object, long, java.lang.Object, java.lang.Object)'> (0x000000008359fb58) 
thrown [s\src\hotspot\share\interpreter\linkResolver.cpp, line 784]
Event: 6.648 Thread 0x0000021171afc3d0 Exception <a 'java/lang/NoSuchMethodError'{0x00000000864107f0}: 'java.lang.Object java.lang.invoke.DirectMethodHandle$Holder.newInvokeSpecial(java.lang.Object, java.lang.Object, java.lang.Object, java.lang.Object, int, java.lang.Object)'> (0x00000000864107f0) 
thrown [s\src\hotspot\share\interpreter\linkResolver.cpp, line 784]
Event: 6.649 Thread 0x0000021171afc3d0 Exception <a 'java/lang/NoSuchMethodError'{0x0000000086418df0}: 'java.lang.Object java.lang.invoke.Invokers$Holder.linkToTargetMethod(java.lang.Object, java.lang.Object, java.lang.Object, int, java.lang.Object, java.lang.Object)'> (0x0000000086418df0) 
thrown [s\src\hotspot\share\interpreter\linkResolver.cpp, line 784]
Event: 6.961 Thread 0x0000021171afc3d0 Exception <a 'java/lang/NoSuchMethodError'{0x0000000084e4e550}: 'java.lang.Object java.lang.invoke.DirectMethodHandle$Holder.invokeSpecialIFC(java.lang.Object, java.lang.Object, java.lang.Object)'> (0x0000000084e4e550) 
thrown [s\src\hotspot\share\interpreter\linkResolver.cpp, line 784]

ZGC Phase Switch (0 events):
No events

VM Operations (20 events):
Event: 6.029 Executing VM operation: HandshakeAllThreads (Deoptimize)
Event: 6.029 Executing VM operation: HandshakeAllThreads (Deoptimize) done
Event: 6.183 Executing VM operation: HandshakeAllThreads (Deoptimize)
Event: 6.183 Executing VM operation: HandshakeAllThreads (Deoptimize) done
Event: 6.193 Executing VM operation: HandshakeAllThreads (Deoptimize)
Event: 6.193 Executing VM operation: HandshakeAllThreads (Deoptimize) done
Event: 6.266 Executing VM operation: ICBufferFull
Event: 6.266 Executing VM operation: ICBufferFull done
Event: 6.478 Executing VM operation: ICBufferFull
Event: 6.478 Executing VM operation: ICBufferFull done
Event: 6.513 Executing VM operation: HandshakeAllThreads (Deoptimize)
Event: 6.513 Executing VM operation: HandshakeAllThreads (Deoptimize) done
Event: 6.578 Executing VM operation: G1CollectForAllocation (G1 Evacuation Pause)
Event: 6.589 Executing VM operation: G1CollectForAllocation (G1 Evacuation Pause) done
Event: 6.625 Executing VM operation: HandshakeAllThreads (Deoptimize)
Event: 6.626 Executing VM operation: HandshakeAllThreads (Deoptimize) done
Event: 6.797 Executing VM operation: ICBufferFull
Event: 6.797 Executing VM operation: ICBufferFull done
Event: 6.982 Executing VM operation: ICBufferFull
Event: 6.982 Executing VM operation: ICBufferFull done

Memory protections (0 events):
No events

Nmethod flushes (20 events):
Event: 5.550 Thread 0x000002116b822fd0 flushing  nmethod 0x00000211569fbf10
Event: 5.550 Thread 0x000002116b822fd0 flushing  nmethod 0x00000211569fc810
Event: 5.550 Thread 0x000002116b822fd0 flushing  nmethod 0x00000211569fd010
Event: 5.550 Thread 0x000002116b822fd0 flushing  nmethod 0x0000021156a37890
Event: 5.550 Thread 0x000002116b822fd0 flushing  nmethod 0x0000021156a3a290
Event: 5.550 Thread 0x000002116b822fd0 flushing  nmethod 0x0000021156a43310
Event: 5.550 Thread 0x000002116b822fd0 flushing  nmethod 0x0000021156accd90
Event: 5.550 Thread 0x000002116b822fd0 flushing  nmethod 0x0000021156ace890
Event: 5.550 Thread 0x000002116b822fd0 flushing  nmethod 0x0000021156b52510
Event: 5.550 Thread 0x000002116b822fd0 flushing  nmethod 0x0000021156b5b790
Event: 5.550 Thread 0x000002116b822fd0 flushing  nmethod 0x0000021156b5bc90
Event: 5.550 Thread 0x000002116b822fd0 flushing  nmethod 0x0000021156c66210
Event: 5.550 Thread 0x000002116b822fd0 flushing  nmethod 0x0000021156cbcd10
Event: 5.550 Thread 0x000002116b822fd0 flushing  nmethod 0x0000021156cbf090
Event: 5.550 Thread 0x000002116b822fd0 flushing  nmethod 0x0000021156b3e110
Event: 5.550 Thread 0x000002116b822fd0 flushing  nmethod 0x0000021156c9ee10
Event: 5.550 Thread 0x000002116b822fd0 flushing  nmethod 0x0000021156ca2010
Event: 5.550 Thread 0x000002116b822fd0 flushing  nmethod 0x0000021156ca6a90
Event: 5.550 Thread 0x000002116b822fd0 flushing  nmethod 0x0000021156d57310
Event: 5.550 Thread 0x000002116b822fd0 flushing  nmethod 0x0000021156e14110

Events (20 events):
Event: 6.562 Thread 0x0000021171afc3d0 Thread added: 0x0000021173df1f30
Event: 6.562 Thread 0x0000021171afc3d0 Thread added: 0x0000021173deeab0
Event: 6.562 Thread 0x0000021171afc3d0 Thread added: 0x0000021173df2c50
Event: 6.563 Thread 0x0000021171afc3d0 Thread added: 0x0000021173df25c0
Event: 6.563 Thread 0x0000021171afc3d0 Thread added: 0x0000021173df32e0
Event: 6.563 Thread 0x0000021171afc3d0 Thread added: 0x0000021173df3970
Event: 6.675 Thread 0x0000021171afc3d0 Thread added: 0x0000021173df4000
Event: 6.677 Thread 0x0000021171afc3d0 Thread added: 0x0000021173df4690
Event: 6.679 Thread 0x0000021171afc3d0 Thread added: 0x0000021173df1210
Event: 6.680 Thread 0x0000021171afc3d0 Thread added: 0x0000021171eb07c0
Event: 6.682 Thread 0x0000021171afc3d0 Thread added: 0x0000021171eb14e0
Event: 6.684 Thread 0x0000021171afc3d0 Thread added: 0x0000021171eb0e50
Event: 6.686 Thread 0x0000021171afc3d0 Thread added: 0x0000021171eaed80
Event: 6.962 Thread 0x0000021171afc3d0 Thread added: 0x0000021171eafaa0
Event: 6.963 Thread 0x0000021171afc3d0 Thread added: 0x0000021171eb1b70
Event: 6.964 Thread 0x0000021171afc3d0 Thread added: 0x0000021171eae6f0
Event: 6.965 Thread 0x0000021171afc3d0 Thread added: 0x0000021171eaf410
Event: 6.966 Thread 0x0000021171afc3d0 Thread added: 0x0000021171eb0130
Event: 6.967 Thread 0x0000021171afc3d0 Thread added: 0x00000211732c4f00
Event: 6.968 Thread 0x0000021171afc3d0 Thread added: 0x00000211732c62b0


Dynamic libraries:
0x00007ff618660000 - 0x00007ff61866a000 	C:\Program Files\Android\Android Studio\jbr\bin\java.exe
0x00007ffd98e80000 - 0x00007ffd990e8000 	C:\WINDOWS\SYSTEM32\ntdll.dll
0x00007ffd97e70000 - 0x00007ffd97f39000 	C:\WINDOWS\System32\KERNEL32.DLL
0x00007ffd966b0000 - 0x00007ffd96a9d000 	C:\WINDOWS\System32\KERNELBASE.dll
0x00007ffd96350000 - 0x00007ffd9649b000 	C:\WINDOWS\System32\ucrtbase.dll
0x00007ffd8a2a0000 - 0x00007ffd8a2bb000 	C:\Program Files\Android\Android Studio\jbr\bin\VCRUNTIME140.dll
0x00007ffd632c0000 - 0x00007ffd632d8000 	C:\Program Files\Android\Android Studio\jbr\bin\jli.dll
0x00007ffd98510000 - 0x00007ffd986dc000 	C:\WINDOWS\System32\USER32.dll
0x00007ffd7d6c0000 - 0x00007ffd7d95a000 	C:\WINDOWS\WinSxS\amd64_microsoft.windows.common-controls_6595b64144ccf1df_6.0.26100.4484_none_3e0e6d4ce32ef3b3\COMCTL32.dll
0x00007ffd964a0000 - 0x00007ffd964c7000 	C:\WINDOWS\System32\win32u.dll
0x00007ffd97ba0000 - 0x00007ffd97c49000 	C:\WINDOWS\System32\msvcrt.dll
0x00007ffd97590000 - 0x00007ffd975bb000 	C:\WINDOWS\System32\GDI32.dll
0x00007ffd964d0000 - 0x00007ffd96607000 	C:\WINDOWS\System32\gdi32full.dll
0x00007ffd96060000 - 0x00007ffd96103000 	C:\WINDOWS\System32\msvcp_win.dll
0x00007ffd986e0000 - 0x00007ffd9870f000 	C:\WINDOWS\System32\IMM32.DLL
0x00007ffd87ee0000 - 0x00007ffd87eec000 	C:\Program Files\Android\Android Studio\jbr\bin\vcruntime140_1.dll
0x00007ffd49b40000 - 0x00007ffd49bcd000 	C:\Program Files\Android\Android Studio\jbr\bin\msvcp140.dll
0x00007ffd14010000 - 0x00007ffd14c9b000 	C:\Program Files\Android\Android Studio\jbr\bin\server\jvm.dll
0x00007ffd97fc0000 - 0x00007ffd98074000 	C:\WINDOWS\System32\ADVAPI32.dll
0x00007ffd97660000 - 0x00007ffd97706000 	C:\WINDOWS\System32\sechost.dll
0x00007ffd98840000 - 0x00007ffd98958000 	C:\WINDOWS\System32\RPCRT4.dll
0x00007ffd987c0000 - 0x00007ffd98834000 	C:\WINDOWS\System32\WS2_32.dll
0x00007ffd95e20000 - 0x00007ffd95e7e000 	C:\WINDOWS\SYSTEM32\POWRPROF.dll
0x00007ffd7f7f0000 - 0x00007ffd7f7fb000 	C:\WINDOWS\SYSTEM32\VERSION.dll
0x00007ffd7ccf0000 - 0x00007ffd7cd25000 	C:\WINDOWS\SYSTEM32\WINMM.dll
0x00007ffd95e00000 - 0x00007ffd95e14000 	C:\WINDOWS\SYSTEM32\UMPDC.dll
0x00007ffd94d40000 - 0x00007ffd94d5b000 	C:\WINDOWS\SYSTEM32\kernel.appcore.dll
0x00007ffd87ed0000 - 0x00007ffd87eda000 	C:\Program Files\Android\Android Studio\jbr\bin\jimage.dll
0x00007ffd936b0000 - 0x00007ffd938f1000 	C:\WINDOWS\SYSTEM32\DBGHELP.DLL
0x00007ffd97810000 - 0x00007ffd97b96000 	C:\WINDOWS\System32\combase.dll
0x00007ffd98d50000 - 0x00007ffd98e30000 	C:\WINDOWS\System32\OLEAUT32.dll
0x00007ffd87800000 - 0x00007ffd87843000 	C:\WINDOWS\SYSTEM32\dbgcore.DLL
0x00007ffd96610000 - 0x00007ffd966a9000 	C:\WINDOWS\System32\bcryptPrimitives.dll
0x00007ffd79b60000 - 0x00007ffd79b6e000 	C:\Program Files\Android\Android Studio\jbr\bin\instrument.dll
0x00007ffd86f60000 - 0x00007ffd86f80000 	C:\Program Files\Android\Android Studio\jbr\bin\java.dll
0x00007ffd6d740000 - 0x00007ffd6d758000 	C:\Program Files\Android\Android Studio\jbr\bin\zip.dll
0x00007ffd96c90000 - 0x00007ffd973da000 	C:\WINDOWS\System32\SHELL32.dll
0x00007ffd96aa0000 - 0x00007ffd96c14000 	C:\WINDOWS\System32\wintypes.dll
0x00007ffd93c00000 - 0x00007ffd9445b000 	C:\WINDOWS\SYSTEM32\windows.storage.dll
0x00007ffd989c0000 - 0x00007ffd98ab5000 	C:\WINDOWS\System32\SHCORE.dll
0x00007ffd96c20000 - 0x00007ffd96c8a000 	C:\WINDOWS\System32\shlwapi.dll
0x00007ffd95ee0000 - 0x00007ffd95f0f000 	C:\WINDOWS\SYSTEM32\profapi.dll
0x00007ffd87ec0000 - 0x00007ffd87ed0000 	C:\Program Files\Android\Android Studio\jbr\bin\net.dll
0x00007ffd830b0000 - 0x00007ffd831ce000 	C:\WINDOWS\SYSTEM32\WINHTTP.dll
0x00007ffd952a0000 - 0x00007ffd9530a000 	C:\WINDOWS\system32\mswsock.dll
0x00007ffd6d720000 - 0x00007ffd6d736000 	C:\Program Files\Android\Android Studio\jbr\bin\nio.dll
0x00007ffd7b610000 - 0x00007ffd7b620000 	C:\Program Files\Android\Android Studio\jbr\bin\verify.dll
0x00007ffd64430000 - 0x00007ffd64457000 	C:\Users\DARLYN\.gradle\native\c067742578af261105cb4f569cf0c3c89f3d7b1fecec35dd04571415982c5e48\windows-amd64\native-platform.dll
0x00007ffd499f0000 - 0x00007ffd49b34000 	C:\Users\DARLYN\.gradle\native\100fb08df4bc3b14c8652ba06237920a3bd2aa13389f12d3474272988ae205f9\windows-amd64\native-platform-file-events.dll
0x00007ffd7f210000 - 0x00007ffd7f219000 	C:\Program Files\Android\Android Studio\jbr\bin\management.dll
0x00007ffd7eae0000 - 0x00007ffd7eaeb000 	C:\Program Files\Android\Android Studio\jbr\bin\management_ext.dll
0x00007ffd97cb0000 - 0x00007ffd97cb8000 	C:\WINDOWS\System32\PSAPI.DLL
0x00007ffd95680000 - 0x00007ffd9569b000 	C:\WINDOWS\SYSTEM32\CRYPTSP.dll
0x00007ffd94ca0000 - 0x00007ffd94cda000 	C:\WINDOWS\system32\rsaenh.dll
0x00007ffd95340000 - 0x00007ffd9536b000 	C:\WINDOWS\SYSTEM32\USERENV.dll
0x00007ffd95eb0000 - 0x00007ffd95ed6000 	C:\WINDOWS\SYSTEM32\bcrypt.dll
0x00007ffd954e0000 - 0x00007ffd954ec000 	C:\WINDOWS\SYSTEM32\CRYPTBASE.dll
0x00007ffd94750000 - 0x00007ffd94783000 	C:\WINDOWS\SYSTEM32\IPHLPAPI.DLL
0x00007ffd97c50000 - 0x00007ffd97c5a000 	C:\WINDOWS\System32\NSI.dll
0x00007ffd7f720000 - 0x00007ffd7f729000 	C:\Program Files\Android\Android Studio\jbr\bin\extnet.dll
0x00007ffd67340000 - 0x00007ffd67348000 	C:\WINDOWS\system32\wshunix.dll
0x00007ffd947e0000 - 0x00007ffd94906000 	C:\WINDOWS\SYSTEM32\DNSAPI.dll
0x00007ffd80c70000 - 0x00007ffd80c7b000 	C:\Windows\System32\rasadhlp.dll

dbghelp: loaded successfully - version: 4.0.5 - missing functions: none
symbol engine: initialized successfully - sym options: 0x614 - pdb path: .;C:\Program Files\Android\Android Studio\jbr\bin;C:\WINDOWS\SYSTEM32;C:\WINDOWS\WinSxS\amd64_microsoft.windows.common-controls_6595b64144ccf1df_6.0.26100.4484_none_3e0e6d4ce32ef3b3;C:\Program Files\Android\Android Studio\jbr\bin\server;C:\Users\DARLYN\.gradle\native\c067742578af261105cb4f569cf0c3c89f3d7b1fecec35dd04571415982c5e48\windows-amd64;C:\Users\DARLYN\.gradle\native\100fb08df4bc3b14c8652ba06237920a3bd2aa13389f12d3474272988ae205f9\windows-amd64

VM Arguments:
jvm_args: --add-opens=java.base/java.lang=ALL-UNNAMED --add-opens=java.base/java.lang.invoke=ALL-UNNAMED --add-opens=java.base/java.util=ALL-UNNAMED --add-opens=java.prefs/java.util.prefs=ALL-UNNAMED --add-exports=jdk.compiler/com.sun.tools.javac.api=ALL-UNNAMED --add-exports=jdk.compiler/com.sun.tools.javac.util=ALL-UNNAMED --add-opens=java.base/java.util=ALL-UNNAMED --add-opens=java.prefs/java.util.prefs=ALL-UNNAMED --add-opens=java.base/java.nio.charset=ALL-UNNAMED --add-opens=java.base/java.net=ALL-UNNAMED --add-opens=java.base/java.util.concurrent.atomic=ALL-UNNAMED --add-opens=java.xml/javax.xml.namespace=ALL-UNNAMED -Xmx2048m -Dfile.encoding=UTF-8 -Duser.country=US -Duser.language=en -Duser.variant -javaagent:C:\Users\DARLYN\.gradle\wrapper\dists\gradle-8.11.1-bin\bpt9gzteqjrbo1mjrsomdt32c\gradle-8.11.1\lib\agents\gradle-instrumentation-agent-8.11.1.jar 
java_command: org.gradle.launcher.daemon.bootstrap.GradleDaemon 8.11.1
java_class_path (initial): C:\Users\DARLYN\.gradle\wrapper\dists\gradle-8.11.1-bin\bpt9gzteqjrbo1mjrsomdt32c\gradle-8.11.1\lib\gradle-daemon-main-8.11.1.jar
Launcher Type: SUN_STANDARD

[Global flags]
     intx CICompilerCount                          = 4                                         {product} {ergonomic}
     uint ConcGCThreads                            = 2                                         {product} {ergonomic}
     uint G1ConcRefinementThreads                  = 8                                         {product} {ergonomic}
   size_t G1HeapRegionSize                         = 1048576                                   {product} {ergonomic}
    uintx GCDrainStackTargetSize                   = 64                                        {product} {ergonomic}
   size_t InitialHeapSize                          = 134217728                                 {product} {ergonomic}
   size_t MarkStackSize                            = 4194304                                   {product} {ergonomic}
   size_t MaxHeapSize                              = 2147483648                                {product} {command line}
   size_t MaxNewSize                               = 1287651328                                {product} {ergonomic}
   size_t MinHeapDeltaBytes                        = 1048576                                   {product} {ergonomic}
   size_t MinHeapSize                              = 8388608                                   {product} {ergonomic}
    uintx NonNMethodCodeHeapSize                   = 5839372                                {pd product} {ergonomic}
    uintx NonProfiledCodeHeapSize                  = 122909434                              {pd product} {ergonomic}
    uintx ProfiledCodeHeapSize                     = 122909434                              {pd product} {ergonomic}
    uintx ReservedCodeCacheSize                    = 251658240                              {pd product} {ergonomic}
     bool SegmentedCodeCache                       = true                                      {product} {ergonomic}
   size_t SoftMaxHeapSize                          = 2147483648                             {manageable} {ergonomic}
     bool UseCompressedOops                        = true                           {product lp64_product} {ergonomic}
     bool UseG1GC                                  = true                                      {product} {ergonomic}
     bool UseLargePagesIndividualAllocation        = false                                  {pd product} {ergonomic}

Logging:
Log output configuration:
 #0: stdout all=warning uptime,level,tags foldmultilines=false
 #1: stderr all=off uptime,level,tags foldmultilines=false

Environment Variables:
PATH=C:\Program Files\Common Files\Oracle\Java\javapath;C:\WINDOWS\system32;C:\WINDOWS;C:\WINDOWS\System32\Wbem;C:\WINDOWS\System32\WindowsPowerShell\v1.0\;C:\WINDOWS\System32\OpenSSH\;C:\Program Files\Git\cmd;C:\Users\DARLYN\AppData\Local\Programs\Python\Python38\Scripts\;C:\Users\DARLYN\AppData\Local\Programs\Python\Python38\;C:\Users\DARLYN\AppData\Local\Microsoft\WindowsApps;C:\Users\DARLYN\AppData\Local\Programs\Microsoft VS Code\bin;C://UnLockCatch/tools/vcruntime
USERNAME=DARLYN
OS=Windows_NT
PROCESSOR_IDENTIFIER=Intel64 Family 6 Model 142 Stepping 10, GenuineIntel
TMP=C:\Users\DARLYN\AppData\Local\Temp
TEMP=C:\Users\DARLYN\AppData\Local\Temp




Periodic native trim disabled

JNI global refs:
JNI global refs: 28, weak refs: 8

JNI global refs memory usage: 835, weak refs: 833

Process memory usage:
Resident Set Size: 324156K (3% of 8263928K total physical memory with 793228K free physical memory)

OOME stack traces (most recent first):
Classloader memory used:
Loader org.gradle.internal.classloader.VisitableURLClassLoader                         : 30770K
Loader bootstrap                                                                       : 25626K
Loader org.gradle.initialization.MixInLegacyTypesClassLoader                           : 10631K
Loader jdk.internal.loader.ClassLoaders$PlatformClassLoader                            : 629K
Loader jdk.internal.loader.ClassLoaders$AppClassLoader                                 : 234K
Loader jdk.internal.reflect.DelegatingClassLoader                                      : 95904B
Loader org.gradle.groovy.scripts.internal.DefaultScriptCompilationHandler$ScriptClassLoader: 78808B
Loader org.gradle.internal.classloader.VisitableURLClassLoader                         : 33136B
Loader org.codehaus.groovy.runtime.callsite.CallSiteClassLoader                        : 9488B

Classes loaded by more than one classloader:
Class org.gradle.internal.classloader.FilteringClassLoader                            : loaded 2 times (x 101B)
Class org.gradle.internal.classloader.ClassLoaderHierarchy                            : loaded 2 times (x 66B)
Class org.gradle.api.internal.classpath.ManifestUtil                                  : loaded 2 times (x 67B)
Class org.gradle.internal.classloader.DefaultClassLoaderFactory                       : loaded 2 times (x 78B)
Class org.gradle.internal.classloader.ClassLoaderVisitor                              : loaded 2 times (x 72B)
Class org.gradle.api.internal.classpath.EffectiveClassPath                            : loaded 2 times (x 86B)
Class org.gradle.api.internal.DefaultClassPathProvider                                : loaded 2 times (x 72B)
Class [Lorg.gradle.api.internal.ClassPathProvider;                                    : loaded 2 times (x 65B)
Class org.gradle.api.internal.ClassPathProvider                                       : loaded 2 times (x 66B)
Class org.gradle.internal.service.UnknownServiceException                             : loaded 2 times (x 79B)
Class org.gradle.internal.classpath.TransformedClassPath                              : loaded 2 times (x 92B)
Class org.gradle.internal.classloader.InstrumentingClassLoader                        : loaded 2 times (x 66B)
Class org.gradle.internal.service.ServiceLocator                                      : loaded 2 times (x 66B)
Class org.gradle.internal.InternalTransformer                                         : loaded 2 times (x 66B)
Class settings_3sw520rqexf22jy880m5wlgsh$_run_closure1$_closure2                      : loaded 2 times (x 135B)
Class org.gradle.internal.classloader.ClasspathUtil$1                                 : loaded 2 times (x 72B)
Class org.gradle.api.internal.classpath.DefaultModuleRegistry$DefaultModule           : loaded 2 times (x 82B)
Class org.gradle.api.internal.classpath.Module                                        : loaded 2 times (x 66B)
Class org.gradle.api.internal.classpath.UnknownModuleException                        : loaded 2 times (x 78B)
Class org.gradle.api.internal.DefaultClassPathRegistry                                : loaded 2 times (x 72B)
Class org.gradle.api.internal.ClassPathRegistry                                       : loaded 2 times (x 66B)
Class org.gradle.internal.classpath.DefaultClassPath$ImmutableUniqueList              : loaded 2 times (x 195B)
Class org.gradle.internal.classpath.ClassPath                                         : loaded 2 times (x 66B)
Class org.gradle.api.UncheckedIOException                                             : loaded 2 times (x 78B)
Class settings_3sw520rqexf22jy880m5wlgsh$_run_closure1                                : loaded 2 times (x 135B)
Class org.gradle.internal.installation.GradleInstallation$1                           : loaded 2 times (x 71B)
Class org.gradle.api.internal.classpath.ModuleRegistry                                : loaded 2 times (x 66B)
Class org.gradle.api.internal.classpath.DefaultModuleRegistry                         : loaded 2 times (x 82B)
Class org.gradle.internal.service.ServiceLookupException                              : loaded 2 times (x 78B)
Class org.gradle.internal.classloader.ClassLoaderFactory                              : loaded 2 times (x 66B)
Class org.gradle.internal.service.CachingServiceLocator                               : loaded 2 times (x 78B)
Class org.gradle.internal.classloader.ClasspathUtil                                   : loaded 2 times (x 67B)
Class org.gradle.api.specs.Spec                                                       : loaded 2 times (x 66B)
Class org.gradle.internal.classloader.VisitableURLClassLoader$InstrumentingVisitableURLClassLoader: loaded 2 times (x 119B)
Class org.gradle.internal.classloader.VisitableURLClassLoader$Spec                    : loaded 2 times (x 70B)
Class org.gradle.internal.classpath.DefaultClassPath                                  : loaded 2 times (x 86B)
Class org.gradle.internal.classloader.ClassLoaderSpec                                 : loaded 2 times (x 67B)
Class org.gradle.internal.classloader.VisitableURLClassLoader                         : loaded 2 times (x 113B)
Class org.gradle.internal.Cast                                                        : loaded 2 times (x 67B)
Class org.gradle.api.Action                                                           : loaded 2 times (x 66B)
Class org.gradle.internal.classpath.DefaultClassPath$ImmutableUniqueList$Builder      : loaded 2 times (x 71B)
Class settings_3sw520rqexf22jy880m5wlgsh                                              : loaded 2 times (x 175B)
Class org.gradle.api.GradleException                                                  : loaded 2 times (x 78B)
Class org.gradle.internal.IoActions                                                   : loaded 2 times (x 67B)
Class org.gradle.internal.classloader.SystemClassLoaderSpec                           : loaded 2 times (x 67B)
Class org.gradle.api.internal.classpath.GlobalCacheRootsProvider                      : loaded 2 times (x 66B)
Class org.gradle.internal.installation.CurrentGradleInstallationLocator               : loaded 2 times (x 67B)
Class org.gradle.internal.service.DefaultServiceLocator                               : loaded 2 times (x 79B)
Class org.gradle.internal.installation.CurrentGradleInstallation                      : loaded 2 times (x 69B)
Class org.gradle.util.internal.GUtil                                                  : loaded 2 times (x 67B)
Class org.gradle.internal.installation.GradleInstallation                             : loaded 2 times (x 71B)

---------------  S Y S T E M  ---------------

OS:
 Windows 11 , 64 bit Build 26100 (10.0.26100.4484)
OS uptime: 8 days 17:03 hours
Hyper-V role detected

CPU: total 8 (initial active 8) (4 cores per cpu, 2 threads per core) family 6 model 142 stepping 10 microcode 0xf4, cx8, cmov, fxsr, ht, mmx, 3dnowpref, sse, sse2, sse3, ssse3, sse4.1, sse4.2, popcnt, lzcnt, tsc, tscinvbit, avx, avx2, aes, erms, clmul, bmi1, bmi2, rtm, adx, fma, vzeroupper, clflush, clflushopt, hv, rdtscp, f16c
Processor Information for the first 8 processors :
  Max Mhz: 2112, Current Mhz: 1910, Mhz Limit: 1900

Memory: 4k page, system-wide physical 8070M (774M free)
TotalPageFile size 13940M (AvailPageFile size 5M)
current process WorkingSet (physical memory assigned to process): 317M, peak: 317M
current process commit charge ("private bytes"): 349M, peak: 349M

vm_info: OpenJDK 64-Bit Server VM (21.0.6+-13368085-b895.109) for windows-amd64 JRE (21.0.6+-13368085-b895.109), built on 2025-04-16T17:01:31Z by "builder" with MS VC++ 16.10 / 16.11 (VS2019)

END.
