#
# There is insufficient memory for the Java Runtime Environment to continue.
# Native memory allocation (malloc) failed to allocate 1826896 bytes. Error detail: Chunk::new
# Possible reasons:
#   The system is out of physical RAM or swap space
#   This process is running with CompressedOops enabled, and the Java Heap may be blocking the growth of the native heap
# Possible solutions:
#   Reduce memory load on the system
#   Increase physical memory or swap space
#   Check if swap backing store is full
#   Decrease Java heap size (-Xmx/-Xms)
#   Decrease number of Java threads
#   Decrease Java thread stack sizes (-Xss)
#   Set larger code cache with -XX:ReservedCodeCacheSize=
#   JVM is running with Unscaled Compressed Oops mode in which the Java heap is
#     placed in the first 4GB address space. The Java Heap base address is the
#     maximum limit for the native heap growth. Please use -XX:HeapBaseMinAddress
#     to set the Java Heap base and to place the Java Heap above 4GB virtual address.
# This output file may be truncated or incomplete.
#
#  Out of Memory Error (arena.cpp:168), pid=11816, tid=10560
#
# JRE version: OpenJDK Runtime Environment (21.0.6) (build 21.0.6+-13368085-b895.109)
# Java VM: OpenJDK 64-Bit Server VM (21.0.6+-13368085-b895.109, mixed mode, tiered, compressed oops, compressed class ptrs, g1 gc, windows-amd64)
# No core dump will be written. Minidumps are not enabled by default on client versions of Windows
#

---------------  S U M M A R Y ------------

Command Line: --add-opens=java.base/java.lang=ALL-UNNAMED --add-opens=java.base/java.lang.invoke=ALL-UNNAMED --add-opens=java.base/java.util=ALL-UNNAMED --add-opens=java.prefs/java.util.prefs=ALL-UNNAMED --add-exports=jdk.compiler/com.sun.tools.javac.api=ALL-UNNAMED --add-exports=jdk.compiler/com.sun.tools.javac.util=ALL-UNNAMED --add-opens=java.base/java.util=ALL-UNNAMED --add-opens=java.prefs/java.util.prefs=ALL-UNNAMED --add-opens=java.base/java.nio.charset=ALL-UNNAMED --add-opens=java.base/java.net=ALL-UNNAMED --add-opens=java.base/java.util.concurrent.atomic=ALL-UNNAMED --add-opens=java.xml/javax.xml.namespace=ALL-UNNAMED -Xmx2048m -Dfile.encoding=UTF-8 -Duser.country=US -Duser.language=en -Duser.variant -javaagent:C:\Users\DARLYN\.gradle\wrapper\dists\gradle-8.11.1-bin\bpt9gzteqjrbo1mjrsomdt32c\gradle-8.11.1\lib\agents\gradle-instrumentation-agent-8.11.1.jar org.gradle.launcher.daemon.bootstrap.GradleDaemon 8.11.1

Host: Intel(R) Core(TM) i7-8650U CPU @ 1.90GHz, 8 cores, 7G,  Windows 11 , 64 bit Build 26100 (10.0.26100.4484)
Time: Wed Jul  9 09:35:18 2025 Greenwich Standard Time elapsed time: 6.506440 seconds (0d 0h 0m 6s)

---------------  T H R E A D  ---------------

Current thread (0x0000026753261dc0):  JavaThread "C2 CompilerThread1" daemon [_thread_in_native, id=10560, stack(0x000000b565600000,0x000000b565700000) (1024K)]


Current CompileTask:
C2:6506 6871       4       java.lang.invoke.MethodType::makeImpl (109 bytes)

Stack: [0x000000b565600000,0x000000b565700000]
Native frames: (J=compiled Java code, j=interpreted, Vv=VM code, C=native code)
V  [jvm.dll+0x6d0639]
V  [jvm.dll+0x85eb03]
V  [jvm.dll+0x86105e]
V  [jvm.dll+0x861743]
V  [jvm.dll+0x27e6e6]
V  [jvm.dll+0xbff6d]
V  [jvm.dll+0xc04a3]
V  [jvm.dll+0x3b6171]
V  [jvm.dll+0x3820c7]
V  [jvm.dll+0x38153a]
V  [jvm.dll+0x247c82]
V  [jvm.dll+0x247251]
V  [jvm.dll+0x1c5f04]
V  [jvm.dll+0x2569ac]
V  [jvm.dll+0x254ef6]
V  [jvm.dll+0x3f0e96]
V  [jvm.dll+0x806ed8]
V  [jvm.dll+0x6cef0d]
C  [ucrtbase.dll+0x37b0]
C  [KERNEL32.DLL+0x2e8d7]
C  [ntdll.dll+0x3c34c]


---------------  P R O C E S S  ---------------

Threads class SMR info:
_java_thread_list=0x0000026757b73f30, length=58, elements={
0x00000267364bd2d0, 0x000002674e596090, 0x000002674e5967f0, 0x000002674e5e51c0,
0x000002674e5e7830, 0x000002674e5eca10, 0x000002674e5f6760, 0x000002674e5f70f0,
0x000002674e5f8300, 0x000002674e77cbd0, 0x000002674e77d260, 0x0000026753261dc0,
0x000002674e77d8f0, 0x000002674e77beb0, 0x000002674e77c540, 0x000002674e77e610,
0x000002674e77df80, 0x000002674e77eca0, 0x000002674e77b820, 0x0000026754f03880,
0x0000026754f03f10, 0x0000026754f045a0, 0x0000026754f052c0, 0x0000026754f04c30,
0x0000026754f05950, 0x0000026754f05fe0, 0x0000026756b5a200, 0x0000026754f06670,
0x0000026754f031f0, 0x0000026754f09af0, 0x0000026754f06d00, 0x0000026754f09460,
0x0000026754f0a180, 0x0000026754f080b0, 0x0000026754f08dd0, 0x0000026754f08740,
0x00000267565871e0, 0x0000026756586b50, 0x0000026756583d60, 0x00000267565843f0,
0x00000267565857a0, 0x0000026756584a80, 0x0000026756585110, 0x0000026756585e30,
0x00000267566c9c60, 0x00000267566c7b90, 0x00000267566c8f40, 0x00000267566c67e0,
0x00000267566c7500, 0x00000267566ca2f0, 0x00000267566c8220, 0x00000267566c88b0,
0x00000267566c95d0, 0x00000267566c6e70, 0x00000267566cca50, 0x00000267566ca980,
0x00000267566cd770, 0x00000267566cb6a0
}

Java Threads: ( => current thread )
  0x00000267364bd2d0 JavaThread "main"                              [_thread_blocked, id=20124, stack(0x000000b564400000,0x000000b564500000) (1024K)]
  0x000002674e596090 JavaThread "Reference Handler"          daemon [_thread_blocked, id=14340, stack(0x000000b564c00000,0x000000b564d00000) (1024K)]
  0x000002674e5967f0 JavaThread "Finalizer"                  daemon [_thread_blocked, id=17080, stack(0x000000b564d00000,0x000000b564e00000) (1024K)]
  0x000002674e5e51c0 JavaThread "Signal Dispatcher"          daemon [_thread_blocked, id=9200, stack(0x000000b564e00000,0x000000b564f00000) (1024K)]
  0x000002674e5e7830 JavaThread "Attach Listener"            daemon [_thread_blocked, id=20752, stack(0x000000b564f00000,0x000000b565000000) (1024K)]
  0x000002674e5eca10 JavaThread "Service Thread"             daemon [_thread_blocked, id=17780, stack(0x000000b565000000,0x000000b565100000) (1024K)]
  0x000002674e5f6760 JavaThread "Monitor Deflation Thread"   daemon [_thread_blocked, id=10148, stack(0x000000b565100000,0x000000b565200000) (1024K)]
  0x000002674e5f70f0 JavaThread "C2 CompilerThread0"         daemon [_thread_in_native, id=3456, stack(0x000000b565200000,0x000000b565300000) (1024K)]
  0x000002674e5f8300 JavaThread "C1 CompilerThread0"         daemon [_thread_in_native, id=10364, stack(0x000000b565300000,0x000000b565400000) (1024K)]
  0x000002674e77cbd0 JavaThread "Common-Cleaner"             daemon [_thread_blocked, id=1800, stack(0x000000b565400000,0x000000b565500000) (1024K)]
  0x000002674e77d260 JavaThread "Notification Thread"        daemon [_thread_blocked, id=18952, stack(0x000000b565500000,0x000000b565600000) (1024K)]
=>0x0000026753261dc0 JavaThread "C2 CompilerThread1"         daemon [_thread_in_native, id=10560, stack(0x000000b565600000,0x000000b565700000) (1024K)]
  0x000002674e77d8f0 JavaThread "Daemon health stats"               [_thread_blocked, id=13084, stack(0x000000b565d00000,0x000000b565e00000) (1024K)]
  0x000002674e77beb0 JavaThread "Incoming local TCP Connector on port 65035"        [_thread_in_native, id=19988, stack(0x000000b565e00000,0x000000b565f00000) (1024K)]
  0x000002674e77c540 JavaThread "Daemon periodic checks"            [_thread_blocked, id=13400, stack(0x000000b565f00000,0x000000b566000000) (1024K)]
  0x000002674e77e610 JavaThread "Daemon"                            [_thread_blocked, id=10144, stack(0x000000b566000000,0x000000b566100000) (1024K)]
  0x000002674e77df80 JavaThread "Handler for socket connection from /127.0.0.1:65035 to /127.0.0.1:65036"        [_thread_in_native, id=10120, stack(0x000000b566100000,0x000000b566200000) (1024K)]
  0x000002674e77eca0 JavaThread "Cancel handler"                    [_thread_blocked, id=14480, stack(0x000000b566200000,0x000000b566300000) (1024K)]
  0x000002674e77b820 JavaThread "Daemon worker"                     [_thread_blocked, id=7328, stack(0x000000b566300000,0x000000b566400000) (1024K)]
  0x0000026754f03880 JavaThread "Asynchronous log dispatcher for DefaultDaemonConnection: socket connection from /127.0.0.1:65035 to /127.0.0.1:65036"        [_thread_blocked, id=9392, stack(0x000000b566400000,0x000000b566500000) (1024K)]
  0x0000026754f03f10 JavaThread "Stdin handler"                     [_thread_blocked, id=17180, stack(0x000000b566500000,0x000000b566600000) (1024K)]
  0x0000026754f045a0 JavaThread "Daemon client event forwarder"        [_thread_blocked, id=2964, stack(0x000000b566600000,0x000000b566700000) (1024K)]
  0x0000026754f052c0 JavaThread "Cache worker for journal cache (C:\Users\DARLYN\.gradle\caches\journal-1)"        [_thread_in_Java, id=356, stack(0x000000b566900000,0x000000b566a00000) (1024K)]
  0x0000026754f04c30 JavaThread "File lock request listener"        [_thread_in_native, id=11488, stack(0x000000b566a00000,0x000000b566b00000) (1024K)]
  0x0000026754f05950 JavaThread "Cache worker for file hash cache (C:\Users\DARLYN\.gradle\caches\8.11.1\fileHashes)"        [_thread_blocked, id=4068, stack(0x000000b566b00000,0x000000b566c00000) (1024K)]
  0x0000026754f05fe0 JavaThread "Cache worker for file content cache (C:\Users\DARLYN\.gradle\caches\8.11.1\fileContent)"        [_thread_blocked, id=18636, stack(0x000000b566c00000,0x000000b566d00000) (1024K)]
  0x0000026756b5a200 JavaThread "C2 CompilerThread2"         daemon [_thread_in_native, id=1964, stack(0x000000b566d00000,0x000000b566e00000) (1024K)]
  0x0000026754f06670 JavaThread "Cache worker for file hash cache (C:\Users\DARLYN\AndroidStudioProjects\ShopNice\.gradle\8.11.1\fileHashes)"        [_thread_blocked, id=10264, stack(0x000000b566e00000,0x000000b566f00000) (1024K)]
  0x0000026754f031f0 JavaThread "Cache worker for Build Output Cleanup Cache (C:\Users\DARLYN\AndroidStudioProjects\ShopNice\.gradle\buildOutputCleanup)"        [_thread_blocked, id=11012, stack(0x000000b566f00000,0x000000b567000000) (1024K)]
  0x0000026754f09af0 JavaThread "File watcher server"        daemon [_thread_in_native, id=10860, stack(0x000000b567000000,0x000000b567100000) (1024K)]
  0x0000026754f06d00 JavaThread "File watcher consumer"      daemon [_thread_blocked, id=4296, stack(0x000000b567100000,0x000000b567200000) (1024K)]
  0x0000026754f09460 JavaThread "Cache worker for checksums cache (C:\Users\DARLYN\AndroidStudioProjects\ShopNice\.gradle\8.11.1\checksums)"        [_thread_blocked, id=12544, stack(0x000000b567200000,0x000000b567300000) (1024K)]
  0x0000026754f0a180 JavaThread "Cache worker for cache directory md-rule (C:\Users\DARLYN\.gradle\caches\8.11.1\md-rule)"        [_thread_blocked, id=8584, stack(0x000000b567300000,0x000000b567400000) (1024K)]
  0x0000026754f080b0 JavaThread "Cache worker for cache directory md-supplier (C:\Users\DARLYN\.gradle\caches\8.11.1\md-supplier)"        [_thread_blocked, id=20136, stack(0x000000b567400000,0x000000b567500000) (1024K)]
  0x0000026754f08dd0 JavaThread "jar transforms"                    [_thread_blocked, id=11924, stack(0x000000b567500000,0x000000b567600000) (1024K)]
  0x0000026754f08740 JavaThread "jar transforms Thread 2"           [_thread_blocked, id=13784, stack(0x000000b567600000,0x000000b567700000) (1024K)]
  0x00000267565871e0 JavaThread "jar transforms Thread 3"           [_thread_blocked, id=4744, stack(0x000000b567700000,0x000000b567800000) (1024K)]
  0x0000026756586b50 JavaThread "Unconstrained build operations"        [_thread_blocked, id=6248, stack(0x000000b567800000,0x000000b567900000) (1024K)]
  0x0000026756583d60 JavaThread "Unconstrained build operations Thread 2"        [_thread_blocked, id=5880, stack(0x000000b567900000,0x000000b567a00000) (1024K)]
  0x00000267565843f0 JavaThread "Unconstrained build operations Thread 3"        [_thread_blocked, id=8588, stack(0x000000b567a00000,0x000000b567b00000) (1024K)]
  0x00000267565857a0 JavaThread "Unconstrained build operations Thread 4"        [_thread_blocked, id=16552, stack(0x000000b567b00000,0x000000b567c00000) (1024K)]
  0x0000026756584a80 JavaThread "Unconstrained build operations Thread 5"        [_thread_blocked, id=1412, stack(0x000000b567c00000,0x000000b567d00000) (1024K)]
  0x0000026756585110 JavaThread "Unconstrained build operations Thread 6"        [_thread_blocked, id=15476, stack(0x000000b567d00000,0x000000b567e00000) (1024K)]
  0x0000026756585e30 JavaThread "Unconstrained build operations Thread 7"        [_thread_blocked, id=12752, stack(0x000000b567e00000,0x000000b567f00000) (1024K)]
  0x00000267566c9c60 JavaThread "Unconstrained build operations Thread 8"        [_thread_blocked, id=5936, stack(0x000000b567f00000,0x000000b568000000) (1024K)]
  0x00000267566c7b90 JavaThread "Unconstrained build operations Thread 9"        [_thread_blocked, id=7076, stack(0x000000b568000000,0x000000b568100000) (1024K)]
  0x00000267566c8f40 JavaThread "Unconstrained build operations Thread 10"        [_thread_blocked, id=15144, stack(0x000000b568100000,0x000000b568200000) (1024K)]
  0x00000267566c67e0 JavaThread "Unconstrained build operations Thread 11"        [_thread_blocked, id=3100, stack(0x000000b568200000,0x000000b568300000) (1024K)]
  0x00000267566c7500 JavaThread "Unconstrained build operations Thread 12"        [_thread_blocked, id=11104, stack(0x000000b568300000,0x000000b568400000) (1024K)]
  0x00000267566ca2f0 JavaThread "Unconstrained build operations Thread 13"        [_thread_blocked, id=14868, stack(0x000000b568400000,0x000000b568500000) (1024K)]
  0x00000267566c8220 JavaThread "Unconstrained build operations Thread 14"        [_thread_blocked, id=5672, stack(0x000000b568500000,0x000000b568600000) (1024K)]
  0x00000267566c88b0 JavaThread "Unconstrained build operations Thread 15"        [_thread_in_Java, id=7644, stack(0x000000b568600000,0x000000b568700000) (1024K)]
  0x00000267566c95d0 JavaThread "Unconstrained build operations Thread 16"        [_thread_blocked, id=13088, stack(0x000000b568700000,0x000000b568800000) (1024K)]
  0x00000267566c6e70 JavaThread "Unconstrained build operations Thread 17"        [_thread_blocked, id=16468, stack(0x000000b568800000,0x000000b568900000) (1024K)]
  0x00000267566cca50 JavaThread "Unconstrained build operations Thread 18"        [_thread_blocked, id=14992, stack(0x000000b568900000,0x000000b568a00000) (1024K)]
  0x00000267566ca980 JavaThread "Unconstrained build operations Thread 19"        [_thread_blocked, id=2988, stack(0x000000b568a00000,0x000000b568b00000) (1024K)]
  0x00000267566cd770 JavaThread "Unconstrained build operations Thread 20"        [_thread_blocked, id=15396, stack(0x000000b568b00000,0x000000b568c00000) (1024K)]
  0x00000267566cb6a0 JavaThread "Unconstrained build operations Thread 21"        [_thread_in_Java, id=19624, stack(0x000000b568c00000,0x000000b568d00000) (1024K)]
Total: 58

Other Threads:
  0x000002674e0c9850 VMThread "VM Thread"                           [id=4980, stack(0x000000b564b00000,0x000000b564c00000) (1024K)]
  0x000002674e086340 WatcherThread "VM Periodic Task Thread"        [id=4428, stack(0x000000b564a00000,0x000000b564b00000) (1024K)]
  0x00000267349fdf90 WorkerThread "GC Thread#0"                     [id=3568, stack(0x000000b564500000,0x000000b564600000) (1024K)]
  0x00000267532bcea0 WorkerThread "GC Thread#1"                     [id=5460, stack(0x000000b565800000,0x000000b565900000) (1024K)]
  0x0000026753169650 WorkerThread "GC Thread#2"                     [id=6984, stack(0x000000b565900000,0x000000b565a00000) (1024K)]
  0x0000026753dca380 WorkerThread "GC Thread#3"                     [id=6368, stack(0x000000b565a00000,0x000000b565b00000) (1024K)]
  0x0000026753dca720 WorkerThread "GC Thread#4"                     [id=1048, stack(0x000000b565b00000,0x000000b565c00000) (1024K)]
  0x0000026754a19a60 WorkerThread "GC Thread#5"                     [id=8680, stack(0x000000b565700000,0x000000b565800000) (1024K)]
  0x00000267549df050 WorkerThread "GC Thread#6"                     [id=16284, stack(0x000000b565c00000,0x000000b565d00000) (1024K)]
  0x0000026754def5d0 WorkerThread "GC Thread#7"                     [id=16272, stack(0x000000b566700000,0x000000b566800000) (1024K)]
  0x0000026736524300 ConcurrentGCThread "G1 Main Marker"            [id=17136, stack(0x000000b564600000,0x000000b564700000) (1024K)]
  0x00000267365259f0 WorkerThread "G1 Conc#0"                       [id=20072, stack(0x000000b564700000,0x000000b564800000) (1024K)]
  0x0000026754df07f0 WorkerThread "G1 Conc#1"                       [id=6320, stack(0x000000b566800000,0x000000b566900000) (1024K)]
  0x000002673657e800 ConcurrentGCThread "G1 Refine#0"               [id=15608, stack(0x000000b564800000,0x000000b564900000) (1024K)]
  0x000002674df4c450 ConcurrentGCThread "G1 Service"                [id=14452, stack(0x000000b564900000,0x000000b564a00000) (1024K)]
Total: 15

Threads with active compile tasks:
C2 CompilerThread0  6549 7502   !   4       java.nio.file.FileTreeWalker::next (144 bytes)
C1 CompilerThread0  6549 7571       3       org.gradle.api.internal.artifacts.transform.TransformStep::createInvocation (92 bytes)
C2 CompilerThread1  6549 6871       4       java.lang.invoke.MethodType::makeImpl (109 bytes)
Total: 3

VM state: not at safepoint (normal execution)

VM Mutex/Monitor currently owned by a thread:  ([mutex/lock_event])
[0x00007ffd14bbea20] SystemDictionary_lock - owner thread: 0x0000000000000000

Heap address: 0x0000000080000000, size: 2048 MB, Compressed Oops mode: 32-bit

CDS archive(s) not mapped
Compressed class space mapped at: 0x0000000100000000-0x0000000140000000, reserved size: 1073741824
Narrow klass base: 0x0000000000000000, Narrow klass shift: 3, Narrow klass range: 0x140000000

GC Precious Log:
 CardTable entry size: 512
 Card Set container configuration: InlinePtr #cards 5 size 8 Array Of Cards #cards 12 size 40 Howl #buckets 4 coarsen threshold 1843 Howl Bitmap #cards 512 size 80 coarsen threshold 460 Card regions per heap region 1 cards per card region 2048
 CPUs: 8 total, 8 available
 Memory: 8070M
 Large Page Support: Disabled
 NUMA Support: Disabled
 Compressed Oops: Enabled (32-bit)
 Heap Region Size: 1M
 Heap Min Capacity: 8M
 Heap Initial Capacity: 128M
 Heap Max Capacity: 2G
 Pre-touch: Disabled
 Parallel Workers: 8
 Concurrent Workers: 2
 Concurrent Refinement Workers: 8
 Periodic GC: Disabled

Heap:
 garbage-first heap   total 115712K, used 66218K [0x0000000080000000, 0x0000000100000000)
  region size 1024K, 24 young (24576K), 4 survivors (4096K)
 Metaspace       used 67931K, committed 69568K, reserved 1114112K
  class space    used 9145K, committed 9920K, reserved 1048576K

Heap Regions: E=young(eden), S=young(survivor), O=old, HS=humongous(starts), HC=humongous(continues), CS=collection set, F=free, TAMS=top-at-mark-start, PB=parsable bottom
|   0|0x0000000080000000, 0x0000000080100000, 0x0000000080100000|100%| O|  |TAMS 0x0000000080000000| PB 0x0000000080000000| Untracked 
|   1|0x0000000080100000, 0x0000000080200000, 0x0000000080200000|100%|HS|  |TAMS 0x0000000080100000| PB 0x0000000080100000| Complete 
|   2|0x0000000080200000, 0x0000000080300000, 0x0000000080300000|100%|HC|  |TAMS 0x0000000080200000| PB 0x0000000080200000| Complete 
|   3|0x0000000080300000, 0x0000000080400000, 0x0000000080400000|100%|HC|  |TAMS 0x0000000080300000| PB 0x0000000080300000| Complete 
|   4|0x0000000080400000, 0x0000000080500000, 0x0000000080500000|100%| O|  |TAMS 0x0000000080400000| PB 0x0000000080400000| Untracked 
|   5|0x0000000080500000, 0x0000000080600000, 0x0000000080600000|100%| O|  |TAMS 0x0000000080500000| PB 0x0000000080500000| Untracked 
|   6|0x0000000080600000, 0x0000000080700000, 0x0000000080700000|100%| O|  |TAMS 0x0000000080600000| PB 0x0000000080600000| Untracked 
|   7|0x0000000080700000, 0x0000000080800000, 0x0000000080800000|100%|HS|  |TAMS 0x0000000080700000| PB 0x0000000080700000| Complete 
|   8|0x0000000080800000, 0x0000000080900000, 0x0000000080900000|100%| O|  |TAMS 0x0000000080800000| PB 0x0000000080800000| Untracked 
|   9|0x0000000080900000, 0x0000000080a00000, 0x0000000080a00000|100%| O|  |TAMS 0x0000000080900000| PB 0x0000000080900000| Untracked 
|  10|0x0000000080a00000, 0x0000000080b00000, 0x0000000080b00000|100%| O|  |TAMS 0x0000000080a00000| PB 0x0000000080a00000| Untracked 
|  11|0x0000000080b00000, 0x0000000080c00000, 0x0000000080c00000|100%| O|  |TAMS 0x0000000080b00000| PB 0x0000000080b00000| Untracked 
|  12|0x0000000080c00000, 0x0000000080d00000, 0x0000000080d00000|100%| O|  |TAMS 0x0000000080c00000| PB 0x0000000080c00000| Untracked 
|  13|0x0000000080d00000, 0x0000000080e00000, 0x0000000080e00000|100%| O|  |TAMS 0x0000000080d00000| PB 0x0000000080d00000| Untracked 
|  14|0x0000000080e00000, 0x0000000080f00000, 0x0000000080f00000|100%| O|  |TAMS 0x0000000080e00000| PB 0x0000000080e00000| Untracked 
|  15|0x0000000080f00000, 0x0000000081000000, 0x0000000081000000|100%| O|  |TAMS 0x0000000080f00000| PB 0x0000000080f00000| Untracked 
|  16|0x0000000081000000, 0x0000000081100000, 0x0000000081100000|100%| O|  |TAMS 0x0000000081000000| PB 0x0000000081000000| Untracked 
|  17|0x0000000081100000, 0x0000000081200000, 0x0000000081200000|100%| O|  |TAMS 0x0000000081100000| PB 0x0000000081100000| Untracked 
|  18|0x0000000081200000, 0x0000000081300000, 0x0000000081300000|100%| O|  |TAMS 0x0000000081200000| PB 0x0000000081200000| Untracked 
|  19|0x0000000081300000, 0x0000000081300000, 0x0000000081400000|  0%| F|  |TAMS 0x0000000081300000| PB 0x0000000081300000| Untracked 
|  20|0x0000000081400000, 0x0000000081500000, 0x0000000081500000|100%| O|  |TAMS 0x0000000081400000| PB 0x0000000081400000| Untracked 
|  21|0x0000000081500000, 0x0000000081600000, 0x0000000081600000|100%| O|  |TAMS 0x0000000081500000| PB 0x0000000081500000| Untracked 
|  22|0x0000000081600000, 0x0000000081700000, 0x0000000081700000|100%| O|  |TAMS 0x0000000081600000| PB 0x0000000081600000| Untracked 
|  23|0x0000000081700000, 0x0000000081800000, 0x0000000081800000|100%| O|  |TAMS 0x0000000081700000| PB 0x0000000081700000| Untracked 
|  24|0x0000000081800000, 0x0000000081900000, 0x0000000081900000|100%| O|  |TAMS 0x0000000081800000| PB 0x0000000081800000| Untracked 
|  25|0x0000000081900000, 0x0000000081a00000, 0x0000000081a00000|100%| O|  |TAMS 0x0000000081900000| PB 0x0000000081900000| Untracked 
|  26|0x0000000081a00000, 0x0000000081b00000, 0x0000000081b00000|100%| O|  |TAMS 0x0000000081a00000| PB 0x0000000081a00000| Untracked 
|  27|0x0000000081b00000, 0x0000000081b00000, 0x0000000081c00000|  0%| F|  |TAMS 0x0000000081b00000| PB 0x0000000081b00000| Untracked 
|  28|0x0000000081c00000, 0x0000000081c00000, 0x0000000081d00000|  0%| F|  |TAMS 0x0000000081c00000| PB 0x0000000081c00000| Untracked 
|  29|0x0000000081d00000, 0x0000000081d00000, 0x0000000081e00000|  0%| F|  |TAMS 0x0000000081d00000| PB 0x0000000081d00000| Untracked 
|  30|0x0000000081e00000, 0x0000000081f00000, 0x0000000081f00000|100%| O|  |TAMS 0x0000000081e00000| PB 0x0000000081e00000| Untracked 
|  31|0x0000000081f00000, 0x0000000082000000, 0x0000000082000000|100%| O|  |TAMS 0x0000000081f00000| PB 0x0000000081f00000| Untracked 
|  32|0x0000000082000000, 0x0000000082100000, 0x0000000082100000|100%| O|  |TAMS 0x0000000082000000| PB 0x0000000082000000| Untracked 
|  33|0x0000000082100000, 0x0000000082200000, 0x0000000082200000|100%| O|  |TAMS 0x0000000082100000| PB 0x0000000082100000| Untracked 
|  34|0x0000000082200000, 0x0000000082300000, 0x0000000082300000|100%| O|  |TAMS 0x0000000082200000| PB 0x0000000082200000| Untracked 
|  35|0x0000000082300000, 0x0000000082400000, 0x0000000082400000|100%| O|  |TAMS 0x0000000082300000| PB 0x0000000082300000| Untracked 
|  36|0x0000000082400000, 0x0000000082400000, 0x0000000082500000|  0%| F|  |TAMS 0x0000000082400000| PB 0x0000000082400000| Untracked 
|  37|0x0000000082500000, 0x0000000082500000, 0x0000000082600000|  0%| F|  |TAMS 0x0000000082500000| PB 0x0000000082500000| Untracked 
|  38|0x0000000082600000, 0x0000000082600000, 0x0000000082700000|  0%| F|  |TAMS 0x0000000082600000| PB 0x0000000082600000| Untracked 
|  39|0x0000000082700000, 0x0000000082800000, 0x0000000082800000|100%| O|  |TAMS 0x0000000082700000| PB 0x0000000082700000| Untracked 
|  40|0x0000000082800000, 0x0000000082900000, 0x0000000082900000|100%| O|  |TAMS 0x0000000082800000| PB 0x0000000082800000| Untracked 
|  41|0x0000000082900000, 0x0000000082a00000, 0x0000000082a00000|100%| O|  |TAMS 0x0000000082900000| PB 0x0000000082900000| Untracked 
|  42|0x0000000082a00000, 0x0000000082a00000, 0x0000000082b00000|  0%| F|  |TAMS 0x0000000082a00000| PB 0x0000000082a00000| Untracked 
|  43|0x0000000082b00000, 0x0000000082b00000, 0x0000000082c00000|  0%| F|  |TAMS 0x0000000082b00000| PB 0x0000000082b00000| Untracked 
|  44|0x0000000082c00000, 0x0000000082caabb8, 0x0000000082d00000| 66%| S|CS|TAMS 0x0000000082c00000| PB 0x0000000082c00000| Complete 
|  45|0x0000000082d00000, 0x0000000082e00000, 0x0000000082e00000|100%| S|CS|TAMS 0x0000000082d00000| PB 0x0000000082d00000| Complete 
|  46|0x0000000082e00000, 0x0000000082f00000, 0x0000000082f00000|100%| S|CS|TAMS 0x0000000082e00000| PB 0x0000000082e00000| Complete 
|  47|0x0000000082f00000, 0x0000000083000000, 0x0000000083000000|100%| S|CS|TAMS 0x0000000082f00000| PB 0x0000000082f00000| Complete 
|  48|0x0000000083000000, 0x0000000083000000, 0x0000000083100000|  0%| F|  |TAMS 0x0000000083000000| PB 0x0000000083000000| Untracked 
|  49|0x0000000083100000, 0x0000000083100000, 0x0000000083200000|  0%| F|  |TAMS 0x0000000083100000| PB 0x0000000083100000| Untracked 
|  50|0x0000000083200000, 0x0000000083200000, 0x0000000083300000|  0%| F|  |TAMS 0x0000000083200000| PB 0x0000000083200000| Untracked 
|  51|0x0000000083300000, 0x0000000083300000, 0x0000000083400000|  0%| F|  |TAMS 0x0000000083300000| PB 0x0000000083300000| Untracked 
|  52|0x0000000083400000, 0x0000000083400000, 0x0000000083500000|  0%| F|  |TAMS 0x0000000083400000| PB 0x0000000083400000| Untracked 
|  53|0x0000000083500000, 0x0000000083500000, 0x0000000083600000|  0%| F|  |TAMS 0x0000000083500000| PB 0x0000000083500000| Untracked 
|  54|0x0000000083600000, 0x0000000083600000, 0x0000000083700000|  0%| F|  |TAMS 0x0000000083600000| PB 0x0000000083600000| Untracked 
|  55|0x0000000083700000, 0x0000000083700000, 0x0000000083800000|  0%| F|  |TAMS 0x0000000083700000| PB 0x0000000083700000| Untracked 
|  56|0x0000000083800000, 0x0000000083800000, 0x0000000083900000|  0%| F|  |TAMS 0x0000000083800000| PB 0x0000000083800000| Untracked 
|  57|0x0000000083900000, 0x0000000083900000, 0x0000000083a00000|  0%| F|  |TAMS 0x0000000083900000| PB 0x0000000083900000| Untracked 
|  58|0x0000000083a00000, 0x0000000083a00000, 0x0000000083b00000|  0%| F|  |TAMS 0x0000000083a00000| PB 0x0000000083a00000| Untracked 
|  59|0x0000000083b00000, 0x0000000083b00000, 0x0000000083c00000|  0%| F|  |TAMS 0x0000000083b00000| PB 0x0000000083b00000| Untracked 
|  60|0x0000000083c00000, 0x0000000083c00000, 0x0000000083d00000|  0%| F|  |TAMS 0x0000000083c00000| PB 0x0000000083c00000| Untracked 
|  61|0x0000000083d00000, 0x0000000083d00000, 0x0000000083e00000|  0%| F|  |TAMS 0x0000000083d00000| PB 0x0000000083d00000| Untracked 
|  62|0x0000000083e00000, 0x0000000083e00000, 0x0000000083f00000|  0%| F|  |TAMS 0x0000000083e00000| PB 0x0000000083e00000| Untracked 
|  63|0x0000000083f00000, 0x0000000083f00000, 0x0000000084000000|  0%| F|  |TAMS 0x0000000083f00000| PB 0x0000000083f00000| Untracked 
|  64|0x0000000084000000, 0x0000000084000000, 0x0000000084100000|  0%| F|  |TAMS 0x0000000084000000| PB 0x0000000084000000| Untracked 
|  65|0x0000000084100000, 0x0000000084100000, 0x0000000084200000|  0%| F|  |TAMS 0x0000000084100000| PB 0x0000000084100000| Untracked 
|  66|0x0000000084200000, 0x0000000084200000, 0x0000000084300000|  0%| F|  |TAMS 0x0000000084200000| PB 0x0000000084200000| Untracked 
|  67|0x0000000084300000, 0x0000000084300000, 0x0000000084400000|  0%| F|  |TAMS 0x0000000084300000| PB 0x0000000084300000| Untracked 
|  68|0x0000000084400000, 0x0000000084400000, 0x0000000084500000|  0%| F|  |TAMS 0x0000000084400000| PB 0x0000000084400000| Untracked 
|  69|0x0000000084500000, 0x0000000084500000, 0x0000000084600000|  0%| F|  |TAMS 0x0000000084500000| PB 0x0000000084500000| Untracked 
|  70|0x0000000084600000, 0x0000000084600000, 0x0000000084700000|  0%| F|  |TAMS 0x0000000084600000| PB 0x0000000084600000| Untracked 
|  71|0x0000000084700000, 0x0000000084700000, 0x0000000084800000|  0%| F|  |TAMS 0x0000000084700000| PB 0x0000000084700000| Untracked 
|  72|0x0000000084800000, 0x0000000084800000, 0x0000000084900000|  0%| F|  |TAMS 0x0000000084800000| PB 0x0000000084800000| Untracked 
|  73|0x0000000084900000, 0x0000000084900000, 0x0000000084a00000|  0%| F|  |TAMS 0x0000000084900000| PB 0x0000000084900000| Untracked 
|  74|0x0000000084a00000, 0x0000000084a00000, 0x0000000084b00000|  0%| F|  |TAMS 0x0000000084a00000| PB 0x0000000084a00000| Untracked 
|  75|0x0000000084b00000, 0x0000000084b00000, 0x0000000084c00000|  0%| F|  |TAMS 0x0000000084b00000| PB 0x0000000084b00000| Untracked 
|  76|0x0000000084c00000, 0x0000000084c00000, 0x0000000084d00000|  0%| F|  |TAMS 0x0000000084c00000| PB 0x0000000084c00000| Untracked 
|  77|0x0000000084d00000, 0x0000000084d00000, 0x0000000084e00000|  0%| F|  |TAMS 0x0000000084d00000| PB 0x0000000084d00000| Untracked 
|  78|0x0000000084e00000, 0x0000000084e00000, 0x0000000084f00000|  0%| F|  |TAMS 0x0000000084e00000| PB 0x0000000084e00000| Untracked 
|  79|0x0000000084f00000, 0x0000000084f00000, 0x0000000085000000|  0%| F|  |TAMS 0x0000000084f00000| PB 0x0000000084f00000| Untracked 
|  80|0x0000000085000000, 0x0000000085000000, 0x0000000085100000|  0%| F|  |TAMS 0x0000000085000000| PB 0x0000000085000000| Untracked 
|  81|0x0000000085100000, 0x0000000085100000, 0x0000000085200000|  0%| F|  |TAMS 0x0000000085100000| PB 0x0000000085100000| Untracked 
|  82|0x0000000085200000, 0x0000000085200000, 0x0000000085300000|  0%| F|  |TAMS 0x0000000085200000| PB 0x0000000085200000| Untracked 
|  83|0x0000000085300000, 0x0000000085300000, 0x0000000085400000|  0%| F|  |TAMS 0x0000000085300000| PB 0x0000000085300000| Untracked 
|  84|0x0000000085400000, 0x0000000085402020, 0x0000000085500000|  0%| E|  |TAMS 0x0000000085400000| PB 0x0000000085400000| Complete 
|  85|0x0000000085500000, 0x0000000085600000, 0x0000000085600000|100%| E|CS|TAMS 0x0000000085500000| PB 0x0000000085500000| Complete 
|  86|0x0000000085600000, 0x0000000085700000, 0x0000000085700000|100%| E|CS|TAMS 0x0000000085600000| PB 0x0000000085600000| Complete 
|  87|0x0000000085700000, 0x0000000085800000, 0x0000000085800000|100%| E|CS|TAMS 0x0000000085700000| PB 0x0000000085700000| Complete 
|  88|0x0000000085800000, 0x0000000085900000, 0x0000000085900000|100%| E|CS|TAMS 0x0000000085800000| PB 0x0000000085800000| Complete 
|  89|0x0000000085900000, 0x0000000085a00000, 0x0000000085a00000|100%| E|CS|TAMS 0x0000000085900000| PB 0x0000000085900000| Complete 
|  90|0x0000000085a00000, 0x0000000085b00000, 0x0000000085b00000|100%| E|CS|TAMS 0x0000000085a00000| PB 0x0000000085a00000| Complete 
|  91|0x0000000085b00000, 0x0000000085c00000, 0x0000000085c00000|100%| E|CS|TAMS 0x0000000085b00000| PB 0x0000000085b00000| Complete 
|  92|0x0000000085c00000, 0x0000000085d00000, 0x0000000085d00000|100%| E|CS|TAMS 0x0000000085c00000| PB 0x0000000085c00000| Complete 
|  93|0x0000000085d00000, 0x0000000085e00000, 0x0000000085e00000|100%| E|CS|TAMS 0x0000000085d00000| PB 0x0000000085d00000| Complete 
|  94|0x0000000085e00000, 0x0000000085f00000, 0x0000000085f00000|100%| E|CS|TAMS 0x0000000085e00000| PB 0x0000000085e00000| Complete 
|  95|0x0000000085f00000, 0x0000000086000000, 0x0000000086000000|100%| E|CS|TAMS 0x0000000085f00000| PB 0x0000000085f00000| Complete 
|  96|0x0000000086000000, 0x0000000086100000, 0x0000000086100000|100%| E|CS|TAMS 0x0000000086000000| PB 0x0000000086000000| Complete 
|  97|0x0000000086100000, 0x0000000086200000, 0x0000000086200000|100%| E|CS|TAMS 0x0000000086100000| PB 0x0000000086100000| Complete 
|  98|0x0000000086200000, 0x0000000086300000, 0x0000000086300000|100%| E|CS|TAMS 0x0000000086200000| PB 0x0000000086200000| Complete 
|  99|0x0000000086300000, 0x0000000086400000, 0x0000000086400000|100%| E|CS|TAMS 0x0000000086300000| PB 0x0000000086300000| Complete 
| 100|0x0000000086400000, 0x0000000086500000, 0x0000000086500000|100%| E|  |TAMS 0x0000000086400000| PB 0x0000000086400000| Complete 
| 101|0x0000000086500000, 0x0000000086600000, 0x0000000086600000|100%| E|CS|TAMS 0x0000000086500000| PB 0x0000000086500000| Complete 
| 102|0x0000000086600000, 0x0000000086700000, 0x0000000086700000|100%| E|CS|TAMS 0x0000000086600000| PB 0x0000000086600000| Complete 
| 103|0x0000000086700000, 0x0000000086800000, 0x0000000086800000|100%| E|CS|TAMS 0x0000000086700000| PB 0x0000000086700000| Complete 
| 127|0x0000000087f00000, 0x0000000088000000, 0x0000000088000000|100%| E|CS|TAMS 0x0000000087f00000| PB 0x0000000087f00000| Complete 
|2040|0x00000000ff800000, 0x00000000ff900000, 0x00000000ff900000|100%| O|  |TAMS 0x00000000ff800000| PB 0x00000000ff800000| Untracked 
|2041|0x00000000ff900000, 0x00000000ffa00000, 0x00000000ffa00000|100%| O|  |TAMS 0x00000000ff900000| PB 0x00000000ff900000| Untracked 
|2042|0x00000000ffa00000, 0x00000000ffb00000, 0x00000000ffb00000|100%| O|  |TAMS 0x00000000ffa00000| PB 0x00000000ffa00000| Untracked 
|2043|0x00000000ffb00000, 0x00000000ffc00000, 0x00000000ffc00000|100%| O|  |TAMS 0x00000000ffb00000| PB 0x00000000ffb00000| Untracked 
|2044|0x00000000ffc00000, 0x00000000ffd00000, 0x00000000ffd00000|100%| O|  |TAMS 0x00000000ffc00000| PB 0x00000000ffc00000| Untracked 
|2045|0x00000000ffd00000, 0x00000000ffe00000, 0x00000000ffe00000|100%| O|  |TAMS 0x00000000ffd00000| PB 0x00000000ffd00000| Untracked 
|2046|0x00000000ffe00000, 0x00000000fff00000, 0x00000000fff00000|100%| O|  |TAMS 0x00000000ffe00000| PB 0x00000000ffe00000| Untracked 
|2047|0x00000000fff00000, 0x0000000100000000, 0x0000000100000000|100%| O|  |TAMS 0x00000000fff00000| PB 0x00000000fff00000| Untracked 

Card table byte_map: [0x0000026749580000,0x0000026749980000] _byte_map_base: 0x0000026749180000

Marking Bits: (CMBitMap*) 0x00000267349fe5a0
 Bits: [0x0000026749980000, 0x000002674b980000)

Polling page: 0x0000026734ca0000

Metaspace:

Usage:
  Non-class:     57.41 MB used.
      Class:      8.93 MB used.
       Both:     66.34 MB used.

Virtual space:
  Non-class space:       64.00 MB reserved,      58.25 MB ( 91%) committed,  1 nodes.
      Class space:        1.00 GB reserved,       9.69 MB ( <1%) committed,  1 nodes.
             Both:        1.06 GB reserved,      67.94 MB (  6%) committed. 

Chunk freelists:
   Non-Class:  5.77 MB
       Class:  6.19 MB
        Both:  11.96 MB

MaxMetaspaceSize: unlimited
CompressedClassSpaceSize: 1.00 GB
Initial GC threshold: 21.00 MB
Current GC threshold: 99.06 MB
CDS: off
 - commit_granule_bytes: 65536.
 - commit_granule_words: 8192.
 - virtual_space_node_default_size: 8388608.
 - enlarge_chunks_in_place: 1.
 - use_allocation_guard: 0.


Internal statistics:

num_allocs_failed_limit: 12.
num_arena_births: 3028.
num_arena_deaths: 0.
num_vsnodes_births: 2.
num_vsnodes_deaths: 0.
num_space_committed: 1087.
num_space_uncommitted: 0.
num_chunks_returned_to_freelist: 12.
num_chunks_taken_from_freelist: 5745.
num_chunk_merges: 12.
num_chunk_splits: 3676.
num_chunks_enlarged: 2200.
num_inconsistent_stats: 0.

CodeHeap 'non-profiled nmethods': size=120000Kb used=4177Kb max_used=4177Kb free=115822Kb
 bounds [0x00000267411d0000, 0x00000267415f0000, 0x0000026748700000]
CodeHeap 'profiled nmethods': size=120000Kb used=13029Kb max_used=13029Kb free=106970Kb
 bounds [0x0000026739700000, 0x000002673a3c0000, 0x0000026740c30000]
CodeHeap 'non-nmethods': size=5760Kb used=2764Kb max_used=2833Kb free=2995Kb
 bounds [0x0000026740c30000, 0x0000026740f10000, 0x00000267411d0000]
 total_blobs=7939 nmethods=7034 adapters=808
 compilation: enabled
              stopped_count=0, restarted_count=0
 full_count=0

Compilation events (20 events):
Event: 6.499 Thread 0x000002674e5f70f0 nmethod 7473 0x00000267415ddb10 code [0x00000267415ddca0, 0x00000267415ddd68]
Event: 6.499 Thread 0x000002674e5f8300 nmethod 7407 0x00000267415dde10 code [0x00000267415ddfa0, 0x00000267415de068]
Event: 6.499 Thread 0x000002674e5f8300 7474       3       org.gradle.api.internal.artifacts.transform.TransformWorkspaceIdentity::equals (41 bytes)
Event: 6.499 Thread 0x000002674e5f8300 nmethod 7474 0x000002673a36b610 code [0x000002673a36b7e0, 0x000002673a36bb48]
Event: 6.500 Thread 0x000002674e5f70f0 7476       4       java.lang.invoke.Invokers$Holder::linkToTargetMethod (11 bytes)
Event: 6.500 Thread 0x0000026756b5a200 nmethod 7470 0x00000267415de110 code [0x00000267415de2e0, 0x00000267415de8f0]
Event: 6.500 Thread 0x000002674e5f8300 7475       3       org.gradle.internal.snapshot.SnapshotUtil$2::handleAsDescendantOfChild (12 bytes)
Event: 6.500 Thread 0x000002674e5f8300 nmethod 7475 0x000002673a36bc90 code [0x000002673a36be40, 0x000002673a36c018]
Event: 6.500 Thread 0x000002674e5f8300 7477       3       java.util.Spliterators$EmptySpliterator$OfRef::forEachRemaining (6 bytes)
Event: 6.500 Thread 0x000002674e5f8300 nmethod 7477 0x000002673a36c110 code [0x000002673a36c2e0, 0x000002673a36c590]
Event: 6.500 Thread 0x000002674e5f8300 7478       3       java.util.concurrent.FutureTask::report (37 bytes)
Event: 6.500 Thread 0x0000026756b5a200 7481       4       com.google.common.collect.ImmutableEntry::<init> (15 bytes)
Event: 6.500 Thread 0x000002674e5f8300 nmethod 7478 0x000002673a36c690 code [0x000002673a36c860, 0x000002673a36cc60]
Event: 6.500 Thread 0x000002674e5f8300 7483   !   3       java.util.concurrent.FutureTask::run (123 bytes)
Event: 6.500 Thread 0x000002674e5f70f0 nmethod 7476 0x00000267415deb10 code [0x00000267415deca0, 0x00000267415deda0]
Event: 6.502 Thread 0x0000026756b5a200 nmethod 7481 0x00000267415dee90 code [0x00000267415df020, 0x00000267415df290]
Event: 6.502 Thread 0x000002674e5f70f0 7499       4       org.gradle.internal.logging.events.ProgressCompleteEvent::getLogLevel (4 bytes)
Event: 6.502 Thread 0x0000026756b5a200 7500       4       jdk.internal.misc.Unsafe::putLongUnaligned (14 bytes)
Event: 6.502 Thread 0x000002674e5f70f0 nmethod 7499 0x00000267415df310 code [0x00000267415df4a0, 0x00000267415df530]
Event: 6.503 Thread 0x0000026756b5a200 nmethod 7500 0x00000267415df610 code [0x00000267415df7a0, 0x00000267415df860]

GC Heap History (20 events):
Event: 2.092 GC heap before
{Heap before GC invocations=3 (full 0):
 garbage-first heap   total 131072K, used 40037K [0x0000000080000000, 0x0000000100000000)
  region size 1024K, 30 young (30720K), 6 survivors (6144K)
 Metaspace       used 21168K, committed 21504K, reserved 1114112K
  class space    used 2437K, committed 2624K, reserved 1048576K
}
Event: 2.097 GC heap after
{Heap after GC invocations=4 (full 0):
 garbage-first heap   total 131072K, used 20744K [0x0000000080000000, 0x0000000100000000)
  region size 1024K, 9 young (9216K), 9 survivors (9216K)
 Metaspace       used 21168K, committed 21504K, reserved 1114112K
  class space    used 2437K, committed 2624K, reserved 1048576K
}
Event: 2.722 GC heap before
{Heap before GC invocations=5 (full 0):
 garbage-first heap   total 71680K, used 70920K [0x0000000080000000, 0x0000000100000000)
  region size 1024K, 58 young (59392K), 9 survivors (9216K)
 Metaspace       used 29343K, committed 29952K, reserved 1114112K
  class space    used 3740K, committed 4032K, reserved 1048576K
}
Event: 2.730 GC heap after
{Heap after GC invocations=6 (full 0):
 garbage-first heap   total 83968K, used 23060K [0x0000000080000000, 0x0000000100000000)
  region size 1024K, 6 young (6144K), 6 survivors (6144K)
 Metaspace       used 29343K, committed 29952K, reserved 1114112K
  class space    used 3740K, committed 4032K, reserved 1048576K
}
Event: 3.280 GC heap before
{Heap before GC invocations=6 (full 0):
 garbage-first heap   total 83968K, used 65044K [0x0000000080000000, 0x0000000100000000)
  region size 1024K, 47 young (48128K), 6 survivors (6144K)
 Metaspace       used 34925K, committed 35840K, reserved 1114112K
  class space    used 4657K, committed 5120K, reserved 1048576K
}
Event: 3.286 GC heap after
{Heap after GC invocations=7 (full 0):
 garbage-first heap   total 83968K, used 25677K [0x0000000080000000, 0x0000000100000000)
  region size 1024K, 6 young (6144K), 6 survivors (6144K)
 Metaspace       used 34925K, committed 35840K, reserved 1114112K
  class space    used 4657K, committed 5120K, reserved 1048576K
}
Event: 3.315 GC heap before
{Heap before GC invocations=7 (full 0):
 garbage-first heap   total 83968K, used 28749K [0x0000000080000000, 0x0000000100000000)
  region size 1024K, 10 young (10240K), 6 survivors (6144K)
 Metaspace       used 35251K, committed 36096K, reserved 1114112K
  class space    used 4719K, committed 5120K, reserved 1048576K
}
Event: 3.319 GC heap after
{Heap after GC invocations=8 (full 0):
 garbage-first heap   total 101376K, used 26227K [0x0000000080000000, 0x0000000100000000)
  region size 1024K, 4 young (4096K), 4 survivors (4096K)
 Metaspace       used 35251K, committed 36096K, reserved 1114112K
  class space    used 4719K, committed 5120K, reserved 1048576K
}
Event: 3.908 GC heap before
{Heap before GC invocations=9 (full 0):
 garbage-first heap   total 92160K, used 81523K [0x0000000080000000, 0x0000000100000000)
  region size 1024K, 59 young (60416K), 4 survivors (4096K)
 Metaspace       used 45219K, committed 46336K, reserved 1114112K
  class space    used 6032K, committed 6592K, reserved 1048576K
}
Event: 3.914 GC heap after
{Heap after GC invocations=10 (full 0):
 garbage-first heap   total 92160K, used 31216K [0x0000000080000000, 0x0000000100000000)
  region size 1024K, 8 young (8192K), 8 survivors (8192K)
 Metaspace       used 45219K, committed 46336K, reserved 1114112K
  class space    used 6032K, committed 6592K, reserved 1048576K
}
Event: 4.313 GC heap before
{Heap before GC invocations=10 (full 0):
 garbage-first heap   total 92160K, used 81392K [0x0000000080000000, 0x0000000100000000)
  region size 1024K, 53 young (54272K), 8 survivors (8192K)
 Metaspace       used 48971K, committed 50304K, reserved 1114112K
  class space    used 6508K, committed 7168K, reserved 1048576K
}
Event: 4.321 GC heap after
{Heap after GC invocations=11 (full 0):
 garbage-first heap   total 96256K, used 35188K [0x0000000080000000, 0x0000000100000000)
  region size 1024K, 5 young (5120K), 5 survivors (5120K)
 Metaspace       used 48971K, committed 50304K, reserved 1114112K
  class space    used 6508K, committed 7168K, reserved 1048576K
}
Event: 4.845 GC heap before
{Heap before GC invocations=11 (full 0):
 garbage-first heap   total 96256K, used 81268K [0x0000000080000000, 0x0000000100000000)
  region size 1024K, 50 young (51200K), 5 survivors (5120K)
 Metaspace       used 53917K, committed 55424K, reserved 1114112K
  class space    used 7260K, committed 8000K, reserved 1048576K
}
Event: 4.850 GC heap after
{Heap after GC invocations=12 (full 0):
 garbage-first heap   total 96256K, used 38342K [0x0000000080000000, 0x0000000100000000)
  region size 1024K, 4 young (4096K), 4 survivors (4096K)
 Metaspace       used 53917K, committed 55424K, reserved 1114112K
  class space    used 7260K, committed 8000K, reserved 1048576K
}
Event: 5.249 GC heap before
{Heap before GC invocations=12 (full 0):
 garbage-first heap   total 96256K, used 72134K [0x0000000080000000, 0x0000000100000000)
  region size 1024K, 36 young (36864K), 4 survivors (4096K)
 Metaspace       used 58961K, committed 60480K, reserved 1114112K
  class space    used 7963K, committed 8704K, reserved 1048576K
}
Event: 5.254 GC heap after
{Heap after GC invocations=13 (full 0):
 garbage-first heap   total 96256K, used 41043K [0x0000000080000000, 0x0000000100000000)
  region size 1024K, 6 young (6144K), 6 survivors (6144K)
 Metaspace       used 58961K, committed 60480K, reserved 1114112K
  class space    used 7963K, committed 8704K, reserved 1048576K
}
Event: 5.818 GC heap before
{Heap before GC invocations=14 (full 0):
 garbage-first heap   total 96256K, used 82003K [0x0000000080000000, 0x0000000100000000)
  region size 1024K, 47 young (48128K), 6 survivors (6144K)
 Metaspace       used 65344K, committed 66944K, reserved 1114112K
  class space    used 8813K, committed 9600K, reserved 1048576K
}
Event: 5.826 GC heap after
{Heap after GC invocations=15 (full 0):
 garbage-first heap   total 96256K, used 44186K [0x0000000080000000, 0x0000000100000000)
  region size 1024K, 6 young (6144K), 6 survivors (6144K)
 Metaspace       used 65344K, committed 66944K, reserved 1114112K
  class space    used 8813K, committed 9600K, reserved 1048576K
}
Event: 6.373 GC heap before
{Heap before GC invocations=15 (full 0):
 garbage-first heap   total 96256K, used 82074K [0x0000000080000000, 0x0000000100000000)
  region size 1024K, 44 young (45056K), 6 survivors (6144K)
 Metaspace       used 67564K, committed 69184K, reserved 1114112K
  class space    used 9118K, committed 9920K, reserved 1048576K
}
Event: 6.381 GC heap after
{Heap after GC invocations=16 (full 0):
 garbage-first heap   total 115712K, used 47786K [0x0000000080000000, 0x0000000100000000)
  region size 1024K, 4 young (4096K), 4 survivors (4096K)
 Metaspace       used 67564K, committed 69184K, reserved 1114112K
  class space    used 9118K, committed 9920K, reserved 1048576K
}

Dll operation events (3 events):
Event: 0.009 Loaded shared library C:\Program Files\Android\Android Studio\jbr\bin\java.dll
Event: 0.015 Loaded shared library C:\Program Files\Android\Android Studio\jbr\bin\zip.dll
Event: 0.648 Loaded shared library C:\Program Files\Android\Android Studio\jbr\bin\verify.dll

Deoptimization events (20 events):
Event: 6.279 Thread 0x00000267566c8f40 DEOPT PACKING pc=0x00000267413382cc sp=0x000000b5681fd080
Event: 6.279 Thread 0x00000267566c7500 DEOPT PACKING pc=0x00000267413382cc sp=0x000000b5683fd200
Event: 6.279 Thread 0x00000267566c8f40 DEOPT UNPACKING pc=0x0000026740c846a2 sp=0x000000b5681fd028 mode 2
Event: 6.279 Thread 0x00000267566c7500 DEOPT UNPACKING pc=0x0000026740c846a2 sp=0x000000b5683fd1a8 mode 2
Event: 6.287 Thread 0x000002674e77b820 Uncommon trap: trap_request=0xffffff45 fr.pc=0x00000267415a01c8 relative=0x0000000000000348
Event: 6.287 Thread 0x000002674e77b820 Uncommon trap: reason=unstable_if action=reinterpret pc=0x00000267415a01c8 method=org.gradle.internal.snapshot.PathUtil.equalChars(CCLorg/gradle/internal/snapshot/CaseSensitivity;)Z @ 40 c2
Event: 6.287 Thread 0x000002674e77b820 DEOPT PACKING pc=0x00000267415a01c8 sp=0x000000b5663f4c40
Event: 6.287 Thread 0x000002674e77b820 DEOPT UNPACKING pc=0x0000026740c846a2 sp=0x000000b5663f4bd0 mode 2
Event: 6.288 Thread 0x00000267566c8220 Uncommon trap: trap_request=0xffffff45 fr.pc=0x0000026741582f38 relative=0x0000000000000fb8
Event: 6.288 Thread 0x00000267566c8220 Uncommon trap: reason=unstable_if action=reinterpret pc=0x0000026741582f38 method=java.util.concurrent.ConcurrentHashMap.computeIfAbsent(Ljava/lang/Object;Ljava/util/function/Function;)Ljava/lang/Object; @ 279 c2
Event: 6.288 Thread 0x00000267566c8220 DEOPT PACKING pc=0x0000026741582f38 sp=0x000000b5685fe230
Event: 6.288 Thread 0x00000267566c8220 DEOPT UNPACKING pc=0x0000026740c846a2 sp=0x000000b5685fe1a8 mode 2
Event: 6.313 Thread 0x0000026754f05950 DEOPT PACKING pc=0x0000026739fd0cdb sp=0x000000b566bfe410
Event: 6.313 Thread 0x0000026754f05950 DEOPT UNPACKING pc=0x0000026740c84e42 sp=0x000000b566bfd898 mode 0
Event: 6.328 Thread 0x00000267566c7b90 DEOPT PACKING pc=0x0000026739c075a1 sp=0x000000b5680fd890
Event: 6.328 Thread 0x00000267566c7b90 DEOPT UNPACKING pc=0x0000026740c84e42 sp=0x000000b5680fcd90 mode 0
Event: 6.462 Thread 0x00000267566c95d0 Uncommon trap: trap_request=0xffffff45 fr.pc=0x000002674130dcd0 relative=0x0000000000000290
Event: 6.462 Thread 0x00000267566c95d0 Uncommon trap: reason=unstable_if action=reinterpret pc=0x000002674130dcd0 method=java.util.concurrent.ConcurrentHashMap.get(Ljava/lang/Object;)Ljava/lang/Object; @ 86 c2
Event: 6.462 Thread 0x00000267566c95d0 DEOPT PACKING pc=0x000002674130dcd0 sp=0x000000b5687fe020
Event: 6.462 Thread 0x00000267566c95d0 DEOPT UNPACKING pc=0x0000026740c846a2 sp=0x000000b5687fdf98 mode 2

Classes loaded (20 events):
Event: 5.793 Loading class sun/net/InetAddressCachePolicy
Event: 5.793 Loading class sun/net/InetAddressCachePolicy done
Event: 5.793 Loading class sun/net/InetAddressCachePolicy$1
Event: 5.793 Loading class sun/net/InetAddressCachePolicy$1 done
Event: 5.793 Loading class java/net/InetAddress$CachedLookup
Event: 5.793 Loading class java/net/InetAddress$CachedLookup done
Event: 5.795 Loading class java/lang/ThreadDeath
Event: 5.795 Loading class java/lang/ThreadDeath done
Event: 5.795 Loading class sun/misc/SharedSecrets
Event: 5.795 Loading class sun/misc/SharedSecrets done
Event: 6.114 Loading class java/util/Collections$ReverseComparator
Event: 6.114 Loading class java/util/Collections$ReverseComparator done
Event: 6.114 Loading class java/util/Collections$ReverseComparator2
Event: 6.114 Loading class java/util/Collections$ReverseComparator2 done
Event: 6.220 Loading class java/util/stream/DistinctOps
Event: 6.220 Loading class java/util/stream/DistinctOps done
Event: 6.220 Loading class java/util/stream/DistinctOps$1
Event: 6.220 Loading class java/util/stream/DistinctOps$1 done
Event: 6.220 Loading class java/util/stream/DistinctOps$1$2
Event: 6.220 Loading class java/util/stream/DistinctOps$1$2 done

Classes unloaded (0 events):
No events

Classes redefined (0 events):
No events

Internal exceptions (20 events):
Event: 5.431 Thread 0x000002674e77b820 Exception <a 'java/lang/ClassNotFoundException'{0x0000000084bb2498}: org/gradle/plugin/use/internal/PluginRequestCollector$PluginDependencySpecImplBeanInfo> (0x0000000084bb2498) 
thrown [s\src\hotspot\share\classfile\systemDictionary.cpp, line 312]
Event: 5.431 Thread 0x000002674e77b820 Exception <a 'java/lang/ClassNotFoundException'{0x0000000084bc3b18}: org/gradle/plugin/use/internal/PluginRequestCollector$PluginDependencySpecImplCustomizer> (0x0000000084bc3b18) 
thrown [s\src\hotspot\share\classfile\systemDictionary.cpp, line 312]
Event: 5.489 Thread 0x000002674e77b820 Exception <a 'java/lang/NoSuchMethodError'{0x0000000084727a58}: 'int java.lang.invoke.DirectMethodHandle$Holder.invokeSpecialIFC(java.lang.Object, java.lang.Object, java.lang.Object)'> (0x0000000084727a58) 
thrown [s\src\hotspot\share\interpreter\linkResolver.cpp, line 784]
Event: 5.528 Thread 0x000002674e77b820 Exception <a 'java/lang/NoSuchMethodError'{0x00000000844bd410}: 'java.lang.Object java.lang.invoke.DirectMethodHandle$Holder.invokeSpecial(java.lang.Object, java.lang.Object, java.lang.Object, java.lang.Object, java.lang.Object, long)'> (0x00000000844bd410) 
thrown [s\src\hotspot\share\interpreter\linkResolver.cpp, line 784]
Event: 5.529 Thread 0x000002674e77b820 Exception <a 'java/lang/NoSuchMethodError'{0x00000000844de0f8}: 'void java.lang.invoke.DirectMethodHandle$Holder.invokeStatic(java.lang.Object, java.lang.Object, java.lang.Object, int, java.lang.Object)'> (0x00000000844de0f8) 
thrown [s\src\hotspot\share\interpreter\linkResolver.cpp, line 784]
Event: 5.574 Thread 0x000002674e77b820 Exception <a 'sun/nio/fs/WindowsException'{0x00000000841a5180}> (0x00000000841a5180) 
thrown [s\src\hotspot\share\prims\jni.cpp, line 535]
Event: 5.623 Thread 0x000002674e77b820 Exception <a 'java/lang/NoSuchMethodError'{0x0000000083e90ca8}: 'void java.lang.invoke.DirectMethodHandle$Holder.invokeVirtual(java.lang.Object, java.lang.Object)'> (0x0000000083e90ca8) 
thrown [s\src\hotspot\share\interpreter\linkResolver.cpp, line 784]
Event: 5.793 Thread 0x000002674e77b820 Exception <a 'java/net/UnknownHostException'{0x000000008298eef8}> (0x000000008298eef8) 
thrown [s\src\hotspot\share\prims\jni.cpp, line 535]
Event: 5.795 Thread 0x000002674e77b820 Exception <a 'java/lang/ClassNotFoundException'{0x00000000829b5b40}: sun/misc/SharedSecrets> (0x00000000829b5b40) 
thrown [s\src\hotspot\share\classfile\systemDictionary.cpp, line 312]
Event: 5.865 Thread 0x000002674e77b820 Exception <a 'java/lang/NoSuchMethodError'{0x00000000864c21e8}: 'int java.lang.invoke.DirectMethodHandle$Holder.invokeInterface(java.lang.Object, java.lang.Object, java.lang.Object, java.lang.Object)'> (0x00000000864c21e8) 
thrown [s\src\hotspot\share\interpreter\linkResolver.cpp, line 784]
Event: 5.889 Thread 0x000002674e77b820 Exception <a 'java/lang/NoSuchMethodError'{0x0000000086276f68}: 'java.lang.Object java.lang.invoke.DirectMethodHandle$Holder.invokeStatic(java.lang.Object, long, java.lang.Object)'> (0x0000000086276f68) 
thrown [s\src\hotspot\share\interpreter\linkResolver.cpp, line 784]
Event: 5.890 Thread 0x000002674e77b820 Exception <a 'java/lang/NoSuchMethodError'{0x000000008627e160}: 'java.lang.Object java.lang.invoke.DirectMethodHandle$Holder.newInvokeSpecial(java.lang.Object, long)'> (0x000000008627e160) 
thrown [s\src\hotspot\share\interpreter\linkResolver.cpp, line 784]
Event: 5.895 Thread 0x000002674e77b820 Exception <a 'java/lang/NoSuchMethodError'{0x00000000862e80f0}: 'java.lang.Object java.lang.invoke.Invokers$Holder.linkToTargetMethod(java.lang.Object, java.lang.Object, java.lang.Object, java.lang.Object, long, java.lang.Object, java.lang.Object)'> (0x00000000862e80f0) 
thrown [s\src\hotspot\share\interpreter\linkResolver.cpp, line 784]
Event: 5.900 Thread 0x000002674e77b820 Exception <a 'java/lang/NoSuchMethodError'{0x000000008612ff28}: 'java.lang.Object java.lang.invoke.DirectMethodHandle$Holder.newInvokeSpecial(java.lang.Object, java.lang.Object, java.lang.Object, long, java.lang.Object)'> (0x000000008612ff28) 
thrown [s\src\hotspot\share\interpreter\linkResolver.cpp, line 784]
Event: 5.900 Thread 0x000002674e77b820 Exception <a 'java/lang/NoSuchMethodError'{0x0000000086134e18}: 'java.lang.Object java.lang.invoke.DirectMethodHandle$Holder.invokeSpecial(java.lang.Object, java.lang.Object, java.lang.Object, java.lang.Object, long, java.lang.Object)'> (0x0000000086134e18) 
thrown [s\src\hotspot\share\interpreter\linkResolver.cpp, line 784]
Event: 5.900 Thread 0x000002674e77b820 Exception <a 'java/lang/NoSuchMethodError'{0x00000000861390e8}: 'java.lang.Object java.lang.invoke.Invokers$Holder.linkToTargetMethod(java.lang.Object, java.lang.Object, long, java.lang.Object, java.lang.Object)'> (0x00000000861390e8) 
thrown [s\src\hotspot\share\interpreter\linkResolver.cpp, line 784]
Event: 5.937 Thread 0x000002674e77b820 Exception <a 'java/lang/NoSuchMethodError'{0x0000000084e18390}: 'java.lang.Object java.lang.invoke.DirectMethodHandle$Holder.invokeSpecial(java.lang.Object, java.lang.Object, long, java.lang.Object, java.lang.Object)'> (0x0000000084e18390) 
thrown [s\src\hotspot\share\interpreter\linkResolver.cpp, line 784]
Event: 6.238 Thread 0x000002674e77b820 Exception <a 'java/lang/NoSuchMethodError'{0x0000000083fff9a8}: 'java.lang.Object java.lang.invoke.DirectMethodHandle$Holder.newInvokeSpecial(java.lang.Object, java.lang.Object, java.lang.Object, java.lang.Object, int, java.lang.Object)'> (0x0000000083fff9a8) 
thrown [s\src\hotspot\share\interpreter\linkResolver.cpp, line 784]
Event: 6.239 Thread 0x000002674e77b820 Exception <a 'java/lang/NoSuchMethodError'{0x0000000083e08238}: 'java.lang.Object java.lang.invoke.Invokers$Holder.linkToTargetMethod(java.lang.Object, java.lang.Object, java.lang.Object, int, java.lang.Object, java.lang.Object)'> (0x0000000083e08238) 
thrown [s\src\hotspot\share\interpreter\linkResolver.cpp, line 784]
Event: 6.460 Thread 0x000002674e77b820 Exception <a 'java/lang/NoSuchMethodError'{0x00000000860661c0}: 'java.lang.Object java.lang.invoke.DirectMethodHandle$Holder.invokeSpecialIFC(java.lang.Object, java.lang.Object, java.lang.Object)'> (0x00000000860661c0) 
thrown [s\src\hotspot\share\interpreter\linkResolver.cpp, line 784]

ZGC Phase Switch (0 events):
No events

VM Operations (20 events):
Event: 5.723 Executing VM operation: HandshakeAllThreads (Deoptimize)
Event: 5.724 Executing VM operation: HandshakeAllThreads (Deoptimize) done
Event: 5.818 Executing VM operation: G1CollectForAllocation (G1 Evacuation Pause)
Event: 5.826 Executing VM operation: G1CollectForAllocation (G1 Evacuation Pause) done
Event: 5.855 Executing VM operation: HandshakeAllThreads (Deoptimize)
Event: 5.855 Executing VM operation: HandshakeAllThreads (Deoptimize) done
Event: 5.864 Executing VM operation: HandshakeAllThreads (Deoptimize)
Event: 5.864 Executing VM operation: HandshakeAllThreads (Deoptimize) done
Event: 6.053 Executing VM operation: ICBufferFull
Event: 6.053 Executing VM operation: ICBufferFull done
Event: 6.150 Executing VM operation: HandshakeAllThreads (Deoptimize)
Event: 6.150 Executing VM operation: HandshakeAllThreads (Deoptimize) done
Event: 6.196 Executing VM operation: ICBufferFull
Event: 6.196 Executing VM operation: ICBufferFull done
Event: 6.222 Executing VM operation: HandshakeAllThreads (Deoptimize)
Event: 6.222 Executing VM operation: HandshakeAllThreads (Deoptimize) done
Event: 6.308 Executing VM operation: ICBufferFull
Event: 6.308 Executing VM operation: ICBufferFull done
Event: 6.373 Executing VM operation: G1CollectForAllocation (G1 Evacuation Pause)
Event: 6.381 Executing VM operation: G1CollectForAllocation (G1 Evacuation Pause) done

Memory protections (0 events):
No events

Nmethod flushes (20 events):
Event: 5.291 Thread 0x000002674e0c9850 flushing  nmethod 0x0000026741364810
Event: 5.291 Thread 0x000002674e0c9850 flushing  nmethod 0x0000026739723f90
Event: 5.291 Thread 0x000002674e0c9850 flushing  nmethod 0x0000026739767690
Event: 5.291 Thread 0x000002674e0c9850 flushing  nmethod 0x000002673988e910
Event: 5.291 Thread 0x000002674e0c9850 flushing  nmethod 0x0000026739892910
Event: 5.291 Thread 0x000002674e0c9850 flushing  nmethod 0x00000267398b8190
Event: 5.291 Thread 0x000002674e0c9850 flushing  nmethod 0x00000267398b9f90
Event: 5.291 Thread 0x000002674e0c9850 flushing  nmethod 0x00000267398d4f10
Event: 5.291 Thread 0x000002674e0c9850 flushing  nmethod 0x0000026739923490
Event: 5.291 Thread 0x000002674e0c9850 flushing  nmethod 0x00000267399f3d90
Event: 5.291 Thread 0x000002674e0c9850 flushing  nmethod 0x0000026739a72710
Event: 5.291 Thread 0x000002674e0c9850 flushing  nmethod 0x0000026739a73810
Event: 5.291 Thread 0x000002674e0c9850 flushing  nmethod 0x0000026739a74810
Event: 5.291 Thread 0x000002674e0c9850 flushing  nmethod 0x0000026739a7ec10
Event: 5.291 Thread 0x000002674e0c9850 flushing  nmethod 0x0000026739b57810
Event: 5.291 Thread 0x000002674e0c9850 flushing  nmethod 0x0000026739ba1710
Event: 5.291 Thread 0x000002674e0c9850 flushing  nmethod 0x0000026739ba4710
Event: 5.291 Thread 0x000002674e0c9850 flushing  nmethod 0x0000026739cf0010
Event: 5.291 Thread 0x000002674e0c9850 flushing  nmethod 0x0000026739cf0a10
Event: 5.291 Thread 0x000002674e0c9850 flushing  nmethod 0x0000026739cf3110

Events (20 events):
Event: 6.187 Thread 0x000002674e77b820 Thread added: 0x0000026756583d60
Event: 6.187 Thread 0x000002674e77b820 Thread added: 0x00000267565843f0
Event: 6.187 Thread 0x000002674e77b820 Thread added: 0x00000267565857a0
Event: 6.187 Thread 0x000002674e77b820 Thread added: 0x0000026756584a80
Event: 6.187 Thread 0x000002674e77b820 Thread added: 0x0000026756585110
Event: 6.187 Thread 0x000002674e77b820 Thread added: 0x0000026756585e30
Event: 6.259 Thread 0x000002674e77b820 Thread added: 0x00000267566c9c60
Event: 6.261 Thread 0x000002674e77b820 Thread added: 0x00000267566c7b90
Event: 6.263 Thread 0x000002674e77b820 Thread added: 0x00000267566c8f40
Event: 6.264 Thread 0x000002674e77b820 Thread added: 0x00000267566c67e0
Event: 6.266 Thread 0x000002674e77b820 Thread added: 0x00000267566c7500
Event: 6.267 Thread 0x000002674e77b820 Thread added: 0x00000267566ca2f0
Event: 6.269 Thread 0x000002674e77b820 Thread added: 0x00000267566c8220
Event: 6.461 Thread 0x000002674e77b820 Thread added: 0x00000267566c88b0
Event: 6.462 Thread 0x000002674e77b820 Thread added: 0x00000267566c95d0
Event: 6.462 Thread 0x000002674e77b820 Thread added: 0x00000267566c6e70
Event: 6.463 Thread 0x000002674e77b820 Thread added: 0x00000267566cca50
Event: 6.464 Thread 0x000002674e77b820 Thread added: 0x00000267566ca980
Event: 6.465 Thread 0x000002674e77b820 Thread added: 0x00000267566cd770
Event: 6.466 Thread 0x000002674e77b820 Thread added: 0x00000267566cb6a0


Dynamic libraries:
0x00007ff618660000 - 0x00007ff61866a000 	C:\Program Files\Android\Android Studio\jbr\bin\java.exe
0x00007ffd98e80000 - 0x00007ffd990e8000 	C:\WINDOWS\SYSTEM32\ntdll.dll
0x00007ffd97e70000 - 0x00007ffd97f39000 	C:\WINDOWS\System32\KERNEL32.DLL
0x00007ffd966b0000 - 0x00007ffd96a9d000 	C:\WINDOWS\System32\KERNELBASE.dll
0x00007ffd96350000 - 0x00007ffd9649b000 	C:\WINDOWS\System32\ucrtbase.dll
0x00007ffd6d700000 - 0x00007ffd6d718000 	C:\Program Files\Android\Android Studio\jbr\bin\jli.dll
0x00007ffd8a2a0000 - 0x00007ffd8a2bb000 	C:\Program Files\Android\Android Studio\jbr\bin\VCRUNTIME140.dll
0x00007ffd98510000 - 0x00007ffd986dc000 	C:\WINDOWS\System32\USER32.dll
0x00007ffd964a0000 - 0x00007ffd964c7000 	C:\WINDOWS\System32\win32u.dll
0x00007ffd7d6c0000 - 0x00007ffd7d95a000 	C:\WINDOWS\WinSxS\amd64_microsoft.windows.common-controls_6595b64144ccf1df_6.0.26100.4484_none_3e0e6d4ce32ef3b3\COMCTL32.dll
0x00007ffd97590000 - 0x00007ffd975bb000 	C:\WINDOWS\System32\GDI32.dll
0x00007ffd97ba0000 - 0x00007ffd97c49000 	C:\WINDOWS\System32\msvcrt.dll
0x00007ffd964d0000 - 0x00007ffd96607000 	C:\WINDOWS\System32\gdi32full.dll
0x00007ffd96060000 - 0x00007ffd96103000 	C:\WINDOWS\System32\msvcp_win.dll
0x00007ffd986e0000 - 0x00007ffd9870f000 	C:\WINDOWS\System32\IMM32.DLL
0x00007ffd87ee0000 - 0x00007ffd87eec000 	C:\Program Files\Android\Android Studio\jbr\bin\vcruntime140_1.dll
0x00007ffd531e0000 - 0x00007ffd5326d000 	C:\Program Files\Android\Android Studio\jbr\bin\msvcp140.dll
0x00007ffd14010000 - 0x00007ffd14c9b000 	C:\Program Files\Android\Android Studio\jbr\bin\server\jvm.dll
0x00007ffd97fc0000 - 0x00007ffd98074000 	C:\WINDOWS\System32\ADVAPI32.dll
0x00007ffd97660000 - 0x00007ffd97706000 	C:\WINDOWS\System32\sechost.dll
0x00007ffd98840000 - 0x00007ffd98958000 	C:\WINDOWS\System32\RPCRT4.dll
0x00007ffd987c0000 - 0x00007ffd98834000 	C:\WINDOWS\System32\WS2_32.dll
0x00007ffd95e20000 - 0x00007ffd95e7e000 	C:\WINDOWS\SYSTEM32\POWRPROF.dll
0x00007ffd7f7f0000 - 0x00007ffd7f7fb000 	C:\WINDOWS\SYSTEM32\VERSION.dll
0x00007ffd7ccf0000 - 0x00007ffd7cd25000 	C:\WINDOWS\SYSTEM32\WINMM.dll
0x00007ffd95e00000 - 0x00007ffd95e14000 	C:\WINDOWS\SYSTEM32\UMPDC.dll
0x00007ffd94d40000 - 0x00007ffd94d5b000 	C:\WINDOWS\SYSTEM32\kernel.appcore.dll
0x00007ffd87ed0000 - 0x00007ffd87eda000 	C:\Program Files\Android\Android Studio\jbr\bin\jimage.dll
0x00007ffd936b0000 - 0x00007ffd938f1000 	C:\WINDOWS\SYSTEM32\DBGHELP.DLL
0x00007ffd97810000 - 0x00007ffd97b96000 	C:\WINDOWS\System32\combase.dll
0x00007ffd98d50000 - 0x00007ffd98e30000 	C:\WINDOWS\System32\OLEAUT32.dll
0x00007ffd87800000 - 0x00007ffd87843000 	C:\WINDOWS\SYSTEM32\dbgcore.DLL
0x00007ffd96610000 - 0x00007ffd966a9000 	C:\WINDOWS\System32\bcryptPrimitives.dll
0x00007ffd79b60000 - 0x00007ffd79b6e000 	C:\Program Files\Android\Android Studio\jbr\bin\instrument.dll
0x00007ffd86f60000 - 0x00007ffd86f80000 	C:\Program Files\Android\Android Studio\jbr\bin\java.dll
0x00007ffd6d740000 - 0x00007ffd6d758000 	C:\Program Files\Android\Android Studio\jbr\bin\zip.dll
0x00007ffd96c90000 - 0x00007ffd973da000 	C:\WINDOWS\System32\SHELL32.dll
0x00007ffd96aa0000 - 0x00007ffd96c14000 	C:\WINDOWS\System32\wintypes.dll
0x00007ffd93c00000 - 0x00007ffd9445b000 	C:\WINDOWS\SYSTEM32\windows.storage.dll
0x00007ffd989c0000 - 0x00007ffd98ab5000 	C:\WINDOWS\System32\SHCORE.dll
0x00007ffd96c20000 - 0x00007ffd96c8a000 	C:\WINDOWS\System32\shlwapi.dll
0x00007ffd95ee0000 - 0x00007ffd95f0f000 	C:\WINDOWS\SYSTEM32\profapi.dll
0x00007ffd87ec0000 - 0x00007ffd87ed0000 	C:\Program Files\Android\Android Studio\jbr\bin\net.dll
0x00007ffd830b0000 - 0x00007ffd831ce000 	C:\WINDOWS\SYSTEM32\WINHTTP.dll
0x00007ffd952a0000 - 0x00007ffd9530a000 	C:\WINDOWS\system32\mswsock.dll
0x00007ffd6d720000 - 0x00007ffd6d736000 	C:\Program Files\Android\Android Studio\jbr\bin\nio.dll
0x00007ffd7b610000 - 0x00007ffd7b620000 	C:\Program Files\Android\Android Studio\jbr\bin\verify.dll
0x00007ffd64430000 - 0x00007ffd64457000 	C:\Users\DARLYN\.gradle\native\c067742578af261105cb4f569cf0c3c89f3d7b1fecec35dd04571415982c5e48\windows-amd64\native-platform.dll
0x00007ffd49a80000 - 0x00007ffd49bc4000 	C:\Users\DARLYN\.gradle\native\100fb08df4bc3b14c8652ba06237920a3bd2aa13389f12d3474272988ae205f9\windows-amd64\native-platform-file-events.dll
0x00007ffd7f210000 - 0x00007ffd7f219000 	C:\Program Files\Android\Android Studio\jbr\bin\management.dll
0x00007ffd7eae0000 - 0x00007ffd7eaeb000 	C:\Program Files\Android\Android Studio\jbr\bin\management_ext.dll
0x00007ffd97cb0000 - 0x00007ffd97cb8000 	C:\WINDOWS\System32\PSAPI.DLL
0x00007ffd95680000 - 0x00007ffd9569b000 	C:\WINDOWS\SYSTEM32\CRYPTSP.dll
0x00007ffd94ca0000 - 0x00007ffd94cda000 	C:\WINDOWS\system32\rsaenh.dll
0x00007ffd95340000 - 0x00007ffd9536b000 	C:\WINDOWS\SYSTEM32\USERENV.dll
0x00007ffd95eb0000 - 0x00007ffd95ed6000 	C:\WINDOWS\SYSTEM32\bcrypt.dll
0x00007ffd954e0000 - 0x00007ffd954ec000 	C:\WINDOWS\SYSTEM32\CRYPTBASE.dll
0x00007ffd94750000 - 0x00007ffd94783000 	C:\WINDOWS\SYSTEM32\IPHLPAPI.DLL
0x00007ffd97c50000 - 0x00007ffd97c5a000 	C:\WINDOWS\System32\NSI.dll
0x00007ffd7f720000 - 0x00007ffd7f729000 	C:\Program Files\Android\Android Studio\jbr\bin\extnet.dll
0x00007ffd67340000 - 0x00007ffd67348000 	C:\WINDOWS\system32\wshunix.dll
0x00007ffd947e0000 - 0x00007ffd94906000 	C:\WINDOWS\SYSTEM32\DNSAPI.dll
0x00007ffd80c70000 - 0x00007ffd80c7b000 	C:\Windows\System32\rasadhlp.dll

dbghelp: loaded successfully - version: 4.0.5 - missing functions: none
symbol engine: initialized successfully - sym options: 0x614 - pdb path: .;C:\Program Files\Android\Android Studio\jbr\bin;C:\WINDOWS\SYSTEM32;C:\WINDOWS\WinSxS\amd64_microsoft.windows.common-controls_6595b64144ccf1df_6.0.26100.4484_none_3e0e6d4ce32ef3b3;C:\Program Files\Android\Android Studio\jbr\bin\server;C:\Users\DARLYN\.gradle\native\c067742578af261105cb4f569cf0c3c89f3d7b1fecec35dd04571415982c5e48\windows-amd64;C:\Users\DARLYN\.gradle\native\100fb08df4bc3b14c8652ba06237920a3bd2aa13389f12d3474272988ae205f9\windows-amd64

VM Arguments:
jvm_args: --add-opens=java.base/java.lang=ALL-UNNAMED --add-opens=java.base/java.lang.invoke=ALL-UNNAMED --add-opens=java.base/java.util=ALL-UNNAMED --add-opens=java.prefs/java.util.prefs=ALL-UNNAMED --add-exports=jdk.compiler/com.sun.tools.javac.api=ALL-UNNAMED --add-exports=jdk.compiler/com.sun.tools.javac.util=ALL-UNNAMED --add-opens=java.base/java.util=ALL-UNNAMED --add-opens=java.prefs/java.util.prefs=ALL-UNNAMED --add-opens=java.base/java.nio.charset=ALL-UNNAMED --add-opens=java.base/java.net=ALL-UNNAMED --add-opens=java.base/java.util.concurrent.atomic=ALL-UNNAMED --add-opens=java.xml/javax.xml.namespace=ALL-UNNAMED -Xmx2048m -Dfile.encoding=UTF-8 -Duser.country=US -Duser.language=en -Duser.variant -javaagent:C:\Users\DARLYN\.gradle\wrapper\dists\gradle-8.11.1-bin\bpt9gzteqjrbo1mjrsomdt32c\gradle-8.11.1\lib\agents\gradle-instrumentation-agent-8.11.1.jar 
java_command: org.gradle.launcher.daemon.bootstrap.GradleDaemon 8.11.1
java_class_path (initial): C:\Users\DARLYN\.gradle\wrapper\dists\gradle-8.11.1-bin\bpt9gzteqjrbo1mjrsomdt32c\gradle-8.11.1\lib\gradle-daemon-main-8.11.1.jar
Launcher Type: SUN_STANDARD

[Global flags]
     intx CICompilerCount                          = 4                                         {product} {ergonomic}
     uint ConcGCThreads                            = 2                                         {product} {ergonomic}
     uint G1ConcRefinementThreads                  = 8                                         {product} {ergonomic}
   size_t G1HeapRegionSize                         = 1048576                                   {product} {ergonomic}
    uintx GCDrainStackTargetSize                   = 64                                        {product} {ergonomic}
   size_t InitialHeapSize                          = 134217728                                 {product} {ergonomic}
   size_t MarkStackSize                            = 4194304                                   {product} {ergonomic}
   size_t MaxHeapSize                              = 2147483648                                {product} {command line}
   size_t MaxNewSize                               = 1287651328                                {product} {ergonomic}
   size_t MinHeapDeltaBytes                        = 1048576                                   {product} {ergonomic}
   size_t MinHeapSize                              = 8388608                                   {product} {ergonomic}
    uintx NonNMethodCodeHeapSize                   = 5839372                                {pd product} {ergonomic}
    uintx NonProfiledCodeHeapSize                  = 122909434                              {pd product} {ergonomic}
    uintx ProfiledCodeHeapSize                     = 122909434                              {pd product} {ergonomic}
    uintx ReservedCodeCacheSize                    = 251658240                              {pd product} {ergonomic}
     bool SegmentedCodeCache                       = true                                      {product} {ergonomic}
   size_t SoftMaxHeapSize                          = 2147483648                             {manageable} {ergonomic}
     bool UseCompressedOops                        = true                           {product lp64_product} {ergonomic}
     bool UseG1GC                                  = true                                      {product} {ergonomic}
     bool UseLargePagesIndividualAllocation        = false                                  {pd product} {ergonomic}

Logging:
Log output configuration:
 #0: stdout all=warning uptime,level,tags foldmultilines=false
 #1: stderr all=off uptime,level,tags foldmultilines=false

Environment Variables:
PATH=C:\Program Files\Common Files\Oracle\Java\javapath;C:\WINDOWS\system32;C:\WINDOWS;C:\WINDOWS\System32\Wbem;C:\WINDOWS\System32\WindowsPowerShell\v1.0\;C:\WINDOWS\System32\OpenSSH\;C:\Program Files\Git\cmd;C:\Users\DARLYN\AppData\Local\Programs\Python\Python38\Scripts\;C:\Users\DARLYN\AppData\Local\Programs\Python\Python38\;C:\Users\DARLYN\AppData\Local\Microsoft\WindowsApps;C:\Users\DARLYN\AppData\Local\Programs\Microsoft VS Code\bin;C://UnLockCatch/tools/vcruntime
USERNAME=DARLYN
OS=Windows_NT
PROCESSOR_IDENTIFIER=Intel64 Family 6 Model 142 Stepping 10, GenuineIntel
TMP=C:\Users\DARLYN\AppData\Local\Temp
TEMP=C:\Users\DARLYN\AppData\Local\Temp




Periodic native trim disabled

JNI global refs:
JNI global refs: 27, weak refs: 4

JNI global refs memory usage: 835, weak refs: 833

Process memory usage:
Resident Set Size: 350020K (4% of 8263928K total physical memory with 848928K free physical memory)

OOME stack traces (most recent first):
Classloader memory used:
Loader org.gradle.internal.classloader.VisitableURLClassLoader                         : 30718K
Loader bootstrap                                                                       : 25546K
Loader org.gradle.initialization.MixInLegacyTypesClassLoader                           : 10604K
Loader jdk.internal.loader.ClassLoaders$PlatformClassLoader                            : 629K
Loader jdk.internal.loader.ClassLoaders$AppClassLoader                                 : 234K
Loader jdk.internal.reflect.DelegatingClassLoader                                      : 95736B
Loader org.gradle.groovy.scripts.internal.DefaultScriptCompilationHandler$ScriptClassLoader: 75736B
Loader org.gradle.internal.classloader.VisitableURLClassLoader                         : 34528B
Loader org.codehaus.groovy.runtime.callsite.CallSiteClassLoader                        : 9488B

Classes loaded by more than one classloader:
Class org.gradle.internal.classloader.FilteringClassLoader                            : loaded 2 times (x 101B)
Class org.gradle.internal.classloader.ClassLoaderHierarchy                            : loaded 2 times (x 66B)
Class org.gradle.api.internal.classpath.ManifestUtil                                  : loaded 2 times (x 67B)
Class org.gradle.internal.classloader.DefaultClassLoaderFactory                       : loaded 2 times (x 78B)
Class org.gradle.internal.classloader.ClassLoaderVisitor                              : loaded 2 times (x 72B)
Class org.gradle.api.internal.classpath.EffectiveClassPath                            : loaded 2 times (x 86B)
Class org.gradle.api.internal.DefaultClassPathProvider                                : loaded 2 times (x 72B)
Class [Lorg.gradle.api.internal.ClassPathProvider;                                    : loaded 2 times (x 65B)
Class org.gradle.api.internal.ClassPathProvider                                       : loaded 2 times (x 66B)
Class org.gradle.internal.service.UnknownServiceException                             : loaded 2 times (x 79B)
Class org.gradle.internal.classpath.TransformedClassPath                              : loaded 2 times (x 92B)
Class org.gradle.internal.classloader.InstrumentingClassLoader                        : loaded 2 times (x 66B)
Class org.gradle.internal.service.ServiceLocator                                      : loaded 2 times (x 66B)
Class org.gradle.internal.InternalTransformer                                         : loaded 2 times (x 66B)
Class settings_3sw520rqexf22jy880m5wlgsh$_run_closure1$_closure2                      : loaded 2 times (x 135B)
Class org.gradle.internal.classloader.ClasspathUtil$1                                 : loaded 2 times (x 72B)
Class org.gradle.api.internal.classpath.DefaultModuleRegistry$DefaultModule           : loaded 2 times (x 82B)
Class org.gradle.api.internal.classpath.Module                                        : loaded 2 times (x 66B)
Class org.gradle.api.internal.classpath.UnknownModuleException                        : loaded 2 times (x 78B)
Class org.gradle.api.internal.DefaultClassPathRegistry                                : loaded 2 times (x 72B)
Class org.gradle.api.internal.ClassPathRegistry                                       : loaded 2 times (x 66B)
Class org.gradle.internal.classpath.DefaultClassPath$ImmutableUniqueList              : loaded 2 times (x 195B)
Class org.gradle.internal.classpath.ClassPath                                         : loaded 2 times (x 66B)
Class org.gradle.api.UncheckedIOException                                             : loaded 2 times (x 78B)
Class settings_3sw520rqexf22jy880m5wlgsh$_run_closure1                                : loaded 2 times (x 135B)
Class org.gradle.internal.installation.GradleInstallation$1                           : loaded 2 times (x 71B)
Class org.gradle.api.internal.classpath.ModuleRegistry                                : loaded 2 times (x 66B)
Class org.gradle.api.internal.classpath.DefaultModuleRegistry                         : loaded 2 times (x 82B)
Class org.gradle.internal.service.ServiceLookupException                              : loaded 2 times (x 78B)
Class org.gradle.internal.classloader.ClassLoaderFactory                              : loaded 2 times (x 66B)
Class org.gradle.internal.service.CachingServiceLocator                               : loaded 2 times (x 78B)
Class org.gradle.internal.classloader.ClasspathUtil                                   : loaded 2 times (x 67B)
Class org.gradle.api.specs.Spec                                                       : loaded 2 times (x 66B)
Class org.gradle.internal.classloader.VisitableURLClassLoader$InstrumentingVisitableURLClassLoader: loaded 2 times (x 119B)
Class org.gradle.internal.classloader.VisitableURLClassLoader$Spec                    : loaded 2 times (x 70B)
Class org.gradle.internal.classpath.DefaultClassPath                                  : loaded 2 times (x 86B)
Class org.gradle.internal.classloader.ClassLoaderSpec                                 : loaded 2 times (x 67B)
Class org.gradle.internal.classloader.VisitableURLClassLoader                         : loaded 2 times (x 113B)
Class org.gradle.internal.Cast                                                        : loaded 2 times (x 67B)
Class org.gradle.api.Action                                                           : loaded 2 times (x 66B)
Class org.gradle.internal.classpath.DefaultClassPath$ImmutableUniqueList$Builder      : loaded 2 times (x 71B)
Class settings_3sw520rqexf22jy880m5wlgsh                                              : loaded 2 times (x 175B)
Class org.gradle.api.GradleException                                                  : loaded 2 times (x 78B)
Class org.gradle.internal.IoActions                                                   : loaded 2 times (x 67B)
Class org.gradle.internal.classloader.SystemClassLoaderSpec                           : loaded 2 times (x 67B)
Class org.gradle.api.internal.classpath.GlobalCacheRootsProvider                      : loaded 2 times (x 66B)
Class org.gradle.internal.installation.CurrentGradleInstallationLocator               : loaded 2 times (x 67B)
Class org.gradle.internal.service.DefaultServiceLocator                               : loaded 2 times (x 79B)
Class org.gradle.internal.installation.CurrentGradleInstallation                      : loaded 2 times (x 69B)
Class org.gradle.util.internal.GUtil                                                  : loaded 2 times (x 67B)
Class org.gradle.internal.installation.GradleInstallation                             : loaded 2 times (x 71B)

---------------  S Y S T E M  ---------------

OS:
 Windows 11 , 64 bit Build 26100 (10.0.26100.4484)
OS uptime: 8 days 17:02 hours
Hyper-V role detected

CPU: total 8 (initial active 8) (4 cores per cpu, 2 threads per core) family 6 model 142 stepping 10 microcode 0xf4, cx8, cmov, fxsr, ht, mmx, 3dnowpref, sse, sse2, sse3, ssse3, sse4.1, sse4.2, popcnt, lzcnt, tsc, tscinvbit, avx, avx2, aes, erms, clmul, bmi1, bmi2, rtm, adx, fma, vzeroupper, clflush, clflushopt, hv, rdtscp, f16c
Processor Information for the first 8 processors :
  Max Mhz: 2112, Current Mhz: 1910, Mhz Limit: 1900

Memory: 4k page, system-wide physical 8070M (824M free)
TotalPageFile size 13940M (AvailPageFile size 5M)
current process WorkingSet (physical memory assigned to process): 345M, peak: 345M
current process commit charge ("private bytes"): 379M, peak: 380M

vm_info: OpenJDK 64-Bit Server VM (21.0.6+-13368085-b895.109) for windows-amd64 JRE (21.0.6+-13368085-b895.109), built on 2025-04-16T17:01:31Z by "builder" with MS VC++ 16.10 / 16.11 (VS2019)

END.
